{"$message_type":"diagnostic","message":"cannot find type `DnsTxtHandleResolver` in this scope","code":{"code":"E0412","explanation":"A used type name is not in scope.\n\nErroneous code examples:\n\n```compile_fail,E0412\nimpl Something {} // error: type name `Something` is not in scope\n\n// or:\n\ntrait Foo {\n    fn bar(N); // error: type name `N` is not in scope\n}\n\n// or:\n\nfn foo(x: T) {} // type name `T` is not in scope\n```\n\nTo fix this error, please verify you didn't misspell the type name, you did\ndeclare it or imported it into the scope. Examples:\n\n```\nstruct Something;\n\nimpl Something {} // ok!\n\n// or:\n\ntrait Foo {\n    type N;\n\n    fn bar(_: Self::N); // ok!\n}\n\n// or:\n\nfn foo<T>(x: T) {} // ok!\n```\n\nAnother case that causes this error is when a type is imported into a parent\nmodule. To fix this, you can follow the suggestion and use File directly or\n`use super::File;` which will import the types from the parent namespace. An\nexample that causes this error is below:\n\n```compile_fail,E0412\nuse std::fs::File;\n\nmod foo {\n    fn some_function(f: File) {}\n}\n```\n\n```\nuse std::fs::File;\n\nmod foo {\n    // either\n    use super::File;\n    // or\n    // use std::fs::File;\n    fn foo(f: File) {}\n}\n# fn main() {} // don't insert it for us; that'll break imports\n```\n"},"level":"error","spans":[{"file_name":"/Users/joshlacalamito/.cargo/registry/src/index.crates.io-1949cf8c6b5b557f/atrium-identity-0.1.8/src/handle/atproto_resolver.rs","byte_start":515,"byte_end":553,"line_start":17,"line_end":17,"column_start":1,"column_end":39,"is_primary":false,"text":[{"text":"pub struct AtprotoHandleResolver<R, T> {","highlight_start":1,"highlight_end":39}],"label":"similarly named struct `AtprotoHandleResolver` defined here","suggested_replacement":null,"suggestion_applicability":null,"expansion":null},{"file_name":"src/services/oauth.rs","byte_start":4630,"byte_end":4650,"line_start":138,"line_end":138,"column_start":5,"column_end":25,"is_primary":true,"text":[{"text":"    DnsTxtHandleResolver,","highlight_start":5,"highlight_end":25}],"label":null,"suggested_replacement":null,"suggestion_applicability":null,"expansion":null}],"children":[{"message":"a struct with a similar name exists","code":null,"level":"help","spans":[{"file_name":"src/services/oauth.rs","byte_start":4630,"byte_end":4650,"line_start":138,"line_end":138,"column_start":5,"column_end":25,"is_primary":true,"text":[{"text":"    DnsTxtHandleResolver,","highlight_start":5,"highlight_end":25}],"label":null,"suggested_replacement":"AtprotoHandleResolver","suggestion_applicability":"MaybeIncorrect","expansion":null}],"children":[],"rendered":null},{"message":"you might be missing a type parameter","code":null,"level":"help","spans":[{"file_name":"src/services/oauth.rs","byte_start":4543,"byte_end":4543,"line_start":134,"line_end":134,"column_start":28,"column_end":28,"is_primary":true,"text":[{"text":"pub type CatbirdOAuthClient = OAuthClient<","highlight_start":28,"highlight_end":28}],"label":null,"suggested_replacement":"<DnsTxtHandleResolver>","suggestion_applicability":"MaybeIncorrect","expansion":null}],"children":[],"rendered":null}],"rendered":"\u001b[1m\u001b[91merror[E0412]\u001b[0m\u001b[1m: cannot find type `DnsTxtHandleResolver` in this scope\u001b[0m\n   \u001b[1m\u001b[94m--> \u001b[0msrc/services/oauth.rs:138:5\n    \u001b[1m\u001b[94m|\u001b[0m\n\u001b[1m\u001b[94m138\u001b[0m \u001b[1m\u001b[94m|\u001b[0m     DnsTxtHandleResolver,\n    \u001b[1m\u001b[94m|\u001b[0m     \u001b[1m\u001b[91m^^^^^^^^^^^^^^^^^^^^\u001b[0m\n    \u001b[1m\u001b[94m|\u001b[0m\n   \u001b[1m\u001b[94m::: \u001b[0m/Users/joshlacalamito/.cargo/registry/src/index.crates.io-1949cf8c6b5b557f/atrium-identity-0.1.8/src/handle/atproto_resolver.rs:17:1\n    \u001b[1m\u001b[94m|\u001b[0m\n \u001b[1m\u001b[94m17\u001b[0m \u001b[1m\u001b[94m|\u001b[0m pub struct AtprotoHandleResolver<R, T> {\n    \u001b[1m\u001b[94m|\u001b[0m \u001b[1m\u001b[94m--------------------------------------\u001b[0m \u001b[1m\u001b[94msimilarly named struct `AtprotoHandleResolver` defined here\u001b[0m\n    \u001b[1m\u001b[94m|\u001b[0m\n\u001b[1m\u001b[96mhelp\u001b[0m: a struct with a similar name exists\n    \u001b[1m\u001b[94m|\u001b[0m\n\u001b[1m\u001b[94m138\u001b[0m \u001b[91m- \u001b[0m    \u001b[91mDnsTxtHandleResolver\u001b[0m,\n\u001b[1m\u001b[94m138\u001b[0m \u001b[92m+ \u001b[0m    \u001b[92mAtprotoHandleResolver\u001b[0m,\n    \u001b[1m\u001b[94m|\u001b[0m\n\u001b[1m\u001b[96mhelp\u001b[0m: you might be missing a type parameter\n    \u001b[1m\u001b[94m|\u001b[0m\n\u001b[1m\u001b[94m134\u001b[0m \u001b[1m\u001b[94m| \u001b[0mpub type CatbirdOAuthClient\u001b[92m<DnsTxtHandleResolver>\u001b[0m = OAuthClient<\n    \u001b[1m\u001b[94m|\u001b[0m                            \u001b[92m++++++++++++++++++++++\u001b[0m\n\n"}
{"$message_type":"diagnostic","message":"unused import: `TokenResponse`","code":{"code":"unused_imports","explanation":null},"level":"warning","spans":[{"file_name":"src/services/atproto_client.rs","byte_start":295,"byte_end":308,"line_start":10,"line_end":10,"column_start":37,"column_end":50,"is_primary":true,"text":[{"text":"use crate::models::{CatbirdSession, TokenResponse};","highlight_start":37,"highlight_end":50}],"label":null,"suggested_replacement":null,"suggestion_applicability":null,"expansion":null}],"children":[{"message":"`#[warn(unused_imports)]` (part of `#[warn(unused)]`) on by default","code":null,"level":"note","spans":[],"children":[],"rendered":null},{"message":"remove the unused import","code":null,"level":"help","spans":[{"file_name":"src/services/atproto_client.rs","byte_start":293,"byte_end":308,"line_start":10,"line_end":10,"column_start":35,"column_end":50,"is_primary":true,"text":[{"text":"use crate::models::{CatbirdSession, TokenResponse};","highlight_start":35,"highlight_end":50}],"label":null,"suggested_replacement":"","suggestion_applicability":"MachineApplicable","expansion":null},{"file_name":"src/services/atproto_client.rs","byte_start":278,"byte_end":279,"line_start":10,"line_end":10,"column_start":20,"column_end":21,"is_primary":true,"text":[{"text":"use crate::models::{CatbirdSession, TokenResponse};","highlight_start":20,"highlight_end":21}],"label":null,"suggested_replacement":"","suggestion_applicability":"MachineApplicable","expansion":null},{"file_name":"src/services/atproto_client.rs","byte_start":308,"byte_end":309,"line_start":10,"line_end":10,"column_start":50,"column_end":51,"is_primary":true,"text":[{"text":"use crate::models::{CatbirdSession, TokenResponse};","highlight_start":50,"highlight_end":51}],"label":null,"suggested_replacement":"","suggestion_applicability":"MachineApplicable","expansion":null}],"children":[],"rendered":null}],"rendered":"\u001b[1m\u001b[33mwarning\u001b[0m\u001b[1m: unused import: `TokenResponse`\u001b[0m\n  \u001b[1m\u001b[94m--> \u001b[0msrc/services/atproto_client.rs:10:37\n   \u001b[1m\u001b[94m|\u001b[0m\n\u001b[1m\u001b[94m10\u001b[0m \u001b[1m\u001b[94m|\u001b[0m use crate::models::{CatbirdSession, TokenResponse};\n   \u001b[1m\u001b[94m|\u001b[0m                                     \u001b[1m\u001b[33m^^^^^^^^^^^^^\u001b[0m\n   \u001b[1m\u001b[94m|\u001b[0m\n   \u001b[1m\u001b[94m= \u001b[0m\u001b[1mnote\u001b[0m: `#[warn(unused_imports)]` (part of `#[warn(unused)]`) on by default\n\n"}
{"$message_type":"diagnostic","message":"unused import: `Duration`","code":{"code":"unused_imports","explanation":null},"level":"warning","spans":[{"file_name":"src/services/atproto_client.rs","byte_start":324,"byte_end":332,"line_start":11,"line_end":11,"column_start":14,"column_end":22,"is_primary":true,"text":[{"text":"use chrono::{Duration, Utc};","highlight_start":14,"highlight_end":22}],"label":null,"suggested_replacement":null,"suggestion_applicability":null,"expansion":null}],"children":[{"message":"remove the unused import","code":null,"level":"help","spans":[{"file_name":"src/services/atproto_client.rs","byte_start":324,"byte_end":334,"line_start":11,"line_end":11,"column_start":14,"column_end":24,"is_primary":true,"text":[{"text":"use chrono::{Duration, Utc};","highlight_start":14,"highlight_end":24}],"label":null,"suggested_replacement":"","suggestion_applicability":"MachineApplicable","expansion":null},{"file_name":"src/services/atproto_client.rs","byte_start":323,"byte_end":324,"line_start":11,"line_end":11,"column_start":13,"column_end":14,"is_primary":true,"text":[{"text":"use chrono::{Duration, Utc};","highlight_start":13,"highlight_end":14}],"label":null,"suggested_replacement":"","suggestion_applicability":"MachineApplicable","expansion":null},{"file_name":"src/services/atproto_client.rs","byte_start":337,"byte_end":338,"line_start":11,"line_end":11,"column_start":27,"column_end":28,"is_primary":true,"text":[{"text":"use chrono::{Duration, Utc};","highlight_start":27,"highlight_end":28}],"label":null,"suggested_replacement":"","suggestion_applicability":"MachineApplicable","expansion":null}],"children":[],"rendered":null}],"rendered":"\u001b[1m\u001b[33mwarning\u001b[0m\u001b[1m: unused import: `Duration`\u001b[0m\n  \u001b[1m\u001b[94m--> \u001b[0msrc/services/atproto_client.rs:11:14\n   \u001b[1m\u001b[94m|\u001b[0m\n\u001b[1m\u001b[94m11\u001b[0m \u001b[1m\u001b[94m|\u001b[0m use chrono::{Duration, Utc};\n   \u001b[1m\u001b[94m|\u001b[0m              \u001b[1m\u001b[33m^^^^^^^^\u001b[0m\n\n"}
{"$message_type":"diagnostic","message":"unused import: `atrium_identity::handle::AtprotoHandleResolver`","code":{"code":"unused_imports","explanation":null},"level":"warning","spans":[{"file_name":"src/services/oauth.rs","byte_start":352,"byte_end":398,"line_start":11,"line_end":11,"column_start":5,"column_end":51,"is_primary":true,"text":[{"text":"use atrium_identity::handle::AtprotoHandleResolver;","highlight_start":5,"highlight_end":51}],"label":null,"suggested_replacement":null,"suggestion_applicability":null,"expansion":null}],"children":[{"message":"remove the whole `use` item","code":null,"level":"help","spans":[{"file_name":"src/services/oauth.rs","byte_start":348,"byte_end":400,"line_start":11,"line_end":12,"column_start":1,"column_end":1,"is_primary":true,"text":[{"text":"use atrium_identity::handle::AtprotoHandleResolver;","highlight_start":1,"highlight_end":52},{"text":"use atrium_oauth::store::session::{Session, SessionStore};","highlight_start":1,"highlight_end":1}],"label":null,"suggested_replacement":"","suggestion_applicability":"MachineApplicable","expansion":null}],"children":[],"rendered":null}],"rendered":"\u001b[1m\u001b[33mwarning\u001b[0m\u001b[1m: unused import: `atrium_identity::handle::AtprotoHandleResolver`\u001b[0m\n  \u001b[1m\u001b[94m--> \u001b[0msrc/services/oauth.rs:11:5\n   \u001b[1m\u001b[94m|\u001b[0m\n\u001b[1m\u001b[94m11\u001b[0m \u001b[1m\u001b[94m|\u001b[0m use atrium_identity::handle::AtprotoHandleResolver;\n   \u001b[1m\u001b[94m|\u001b[0m     \u001b[1m\u001b[33m^^^^^^^^^^^^^^^^^^^^^^^^^^^^^^^^^^^^^^^^^^^^^^\u001b[0m\n\n"}
{"$message_type":"diagnostic","message":"unused import: `std::sync::Arc`","code":{"code":"unused_imports","explanation":null},"level":"warning","spans":[{"file_name":"src/services/oauth.rs","byte_start":627,"byte_end":641,"line_start":16,"line_end":16,"column_start":5,"column_end":19,"is_primary":true,"text":[{"text":"use std::sync::Arc;","highlight_start":5,"highlight_end":19}],"label":null,"suggested_replacement":null,"suggestion_applicability":null,"expansion":null}],"children":[{"message":"remove the whole `use` item","code":null,"level":"help","spans":[{"file_name":"src/services/oauth.rs","byte_start":623,"byte_end":643,"line_start":16,"line_end":17,"column_start":1,"column_end":1,"is_primary":true,"text":[{"text":"use std::sync::Arc;","highlight_start":1,"highlight_end":20},{"text":"","highlight_start":1,"highlight_end":1}],"label":null,"suggested_replacement":"","suggestion_applicability":"MachineApplicable","expansion":null}],"children":[],"rendered":null}],"rendered":"\u001b[1m\u001b[33mwarning\u001b[0m\u001b[1m: unused import: `std::sync::Arc`\u001b[0m\n  \u001b[1m\u001b[94m--> \u001b[0msrc/services/oauth.rs:16:5\n   \u001b[1m\u001b[94m|\u001b[0m\n\u001b[1m\u001b[94m16\u001b[0m \u001b[1m\u001b[94m|\u001b[0m use std::sync::Arc;\n   \u001b[1m\u001b[94m|\u001b[0m     \u001b[1m\u001b[33m^^^^^^^^^^^^^^\u001b[0m\n\n"}
{"$message_type":"diagnostic","message":"missing generics for struct `CommonDidResolver`","code":{"code":"E0107","explanation":"An incorrect number of generic arguments was provided.\n\nErroneous code example:\n\n```compile_fail,E0107\nstruct Foo<T> { x: T }\n\nstruct Bar { x: Foo }             // error: wrong number of type arguments:\n                                  //        expected 1, found 0\nstruct Baz<S, T> { x: Foo<S, T> } // error: wrong number of type arguments:\n                                  //        expected 1, found 2\n\nfn foo<T, U>(x: T, y: U) {}\nfn f() {}\n\nfn main() {\n    let x: bool = true;\n    foo::<bool>(x);                 // error: wrong number of type arguments:\n                                    //        expected 2, found 1\n    foo::<bool, i32, i32>(x, 2, 4); // error: wrong number of type arguments:\n                                    //        expected 2, found 3\n    f::<'static>();                 // error: wrong number of lifetime arguments\n                                    //        expected 0, found 1\n}\n```\n\nWhen using/declaring an item with generic arguments, you must provide the exact\nsame number:\n\n```\nstruct Foo<T> { x: T }\n\nstruct Bar<T> { x: Foo<T> }               // ok!\nstruct Baz<S, T> { x: Foo<S>, y: Foo<T> } // ok!\n\nfn foo<T, U>(x: T, y: U) {}\nfn f() {}\n\nfn main() {\n    let x: bool = true;\n    foo::<bool, u32>(x, 12);              // ok!\n    f();                                  // ok!\n}\n```\n"},"level":"error","spans":[{"file_name":"src/services/oauth.rs","byte_start":4607,"byte_end":4624,"line_start":137,"line_end":137,"column_start":5,"column_end":22,"is_primary":true,"text":[{"text":"    CommonDidResolver,","highlight_start":5,"highlight_end":22}],"label":"expected 1 generic argument","suggested_replacement":null,"suggestion_applicability":null,"expansion":null}],"children":[{"message":"struct defined here, with 1 generic parameter: `T`","code":null,"level":"note","spans":[{"file_name":"/Users/joshlacalamito/.cargo/registry/src/index.crates.io-1949cf8c6b5b557f/atrium-identity-0.1.8/src/did/common_resolver.rs","byte_start":513,"byte_end":514,"line_start":18,"line_end":18,"column_start":30,"column_end":31,"is_primary":false,"text":[{"text":"pub struct CommonDidResolver<T> {","highlight_start":30,"highlight_end":31}],"label":"","suggested_replacement":null,"suggestion_applicability":null,"expansion":null},{"file_name":"/Users/joshlacalamito/.cargo/registry/src/index.crates.io-1949cf8c6b5b557f/atrium-identity-0.1.8/src/did/common_resolver.rs","byte_start":495,"byte_end":512,"line_start":18,"line_end":18,"column_start":12,"column_end":29,"is_primary":true,"text":[{"text":"pub struct CommonDidResolver<T> {","highlight_start":12,"highlight_end":29}],"label":null,"suggested_replacement":null,"suggestion_applicability":null,"expansion":null}],"children":[],"rendered":null},{"message":"add missing generic argument","code":null,"level":"help","spans":[{"file_name":"src/services/oauth.rs","byte_start":4624,"byte_end":4624,"line_start":137,"line_end":137,"column_start":22,"column_end":22,"is_primary":true,"text":[{"text":"    CommonDidResolver,","highlight_start":22,"highlight_end":22}],"label":null,"suggested_replacement":"<T>","suggestion_applicability":"HasPlaceholders","expansion":null}],"children":[],"rendered":null}],"rendered":"\u001b[1m\u001b[91merror[E0107]\u001b[0m\u001b[1m: missing generics for struct `CommonDidResolver`\u001b[0m\n   \u001b[1m\u001b[94m--> \u001b[0msrc/services/oauth.rs:137:5\n    \u001b[1m\u001b[94m|\u001b[0m\n\u001b[1m\u001b[94m137\u001b[0m \u001b[1m\u001b[94m|\u001b[0m     CommonDidResolver,\n    \u001b[1m\u001b[94m|\u001b[0m     \u001b[1m\u001b[91m^^^^^^^^^^^^^^^^^\u001b[0m \u001b[1m\u001b[91mexpected 1 generic argument\u001b[0m\n    \u001b[1m\u001b[94m|\u001b[0m\n\u001b[1m\u001b[92mnote\u001b[0m: struct defined here, with 1 generic parameter: `T`\n   \u001b[1m\u001b[94m--> \u001b[0m/Users/joshlacalamito/.cargo/registry/src/index.crates.io-1949cf8c6b5b557f/atrium-identity-0.1.8/src/did/common_resolver.rs:18:12\n    \u001b[1m\u001b[94m|\u001b[0m\n \u001b[1m\u001b[94m18\u001b[0m \u001b[1m\u001b[94m|\u001b[0m pub struct CommonDidResolver<T> {\n    \u001b[1m\u001b[94m|\u001b[0m            \u001b[1m\u001b[92m^^^^^^^^^^^^^^^^^\u001b[0m \u001b[1m\u001b[94m-\u001b[0m\n\u001b[1m\u001b[96mhelp\u001b[0m: add missing generic argument\n    \u001b[1m\u001b[94m|\u001b[0m\n\u001b[1m\u001b[94m137\u001b[0m \u001b[1m\u001b[94m| \u001b[0m    CommonDidResolver\u001b[92m<T>\u001b[0m,\n    \u001b[1m\u001b[94m|\u001b[0m                      \u001b[92m+++\u001b[0m\n\n"}
{"$message_type":"diagnostic","message":"the trait bound `RedisSessionStore: Store<Did, Session>` is not satisfied","code":{"code":"E0277","explanation":"You tried to use a type which doesn't implement some trait in a place which\nexpected that trait.\n\nErroneous code example:\n\n```compile_fail,E0277\n// here we declare the Foo trait with a bar method\ntrait Foo {\n    fn bar(&self);\n}\n\n// we now declare a function which takes an object implementing the Foo trait\nfn some_func<T: Foo>(foo: T) {\n    foo.bar();\n}\n\nfn main() {\n    // we now call the method with the i32 type, which doesn't implement\n    // the Foo trait\n    some_func(5i32); // error: the trait bound `i32 : Foo` is not satisfied\n}\n```\n\nIn order to fix this error, verify that the type you're using does implement\nthe trait. Example:\n\n```\ntrait Foo {\n    fn bar(&self);\n}\n\n// we implement the trait on the i32 type\nimpl Foo for i32 {\n    fn bar(&self) {}\n}\n\nfn some_func<T: Foo>(foo: T) {\n    foo.bar(); // we can now use this method since i32 implements the\n               // Foo trait\n}\n\nfn main() {\n    some_func(5i32); // ok!\n}\n```\n\nOr in a generic context, an erroneous code example would look like:\n\n```compile_fail,E0277\nfn some_func<T>(foo: T) {\n    println!(\"{:?}\", foo); // error: the trait `core::fmt::Debug` is not\n                           //        implemented for the type `T`\n}\n\nfn main() {\n    // We now call the method with the i32 type,\n    // which *does* implement the Debug trait.\n    some_func(5i32);\n}\n```\n\nNote that the error here is in the definition of the generic function. Although\nwe only call it with a parameter that does implement `Debug`, the compiler\nstill rejects the function. It must work with all possible input types. In\norder to make this example compile, we need to restrict the generic type we're\naccepting:\n\n```\nuse std::fmt;\n\n// Restrict the input type to types that implement Debug.\nfn some_func<T: fmt::Debug>(foo: T) {\n    println!(\"{:?}\", foo);\n}\n\nfn main() {\n    // Calling the method is still fine, as i32 implements Debug.\n    some_func(5i32);\n\n    // This would fail to compile now:\n    // struct WithoutDebug;\n    // some_func(WithoutDebug);\n}\n```\n\nRust only looks at the signature of the called function, as such it must\nalready specify all requirements that will be used for every type parameter.\n"},"level":"error","spans":[{"file_name":"src/config/mod.rs","byte_start":3616,"byte_end":3651,"line_start":126,"line_end":126,"column_start":34,"column_end":69,"is_primary":true,"text":[{"text":"    pub oauth_client: Option<Arc<crate::services::CatbirdOAuthClient>>,","highlight_start":34,"highlight_end":69}],"label":"unsatisfied trait bound","suggested_replacement":null,"suggestion_applicability":null,"expansion":null}],"children":[{"message":"the trait `Store<atrium_api::types::string::Did, atrium_oauth::store::session::Session>` is not implemented for `RedisSessionStore`\nbut trait `Store<atrium_api::types::string::Did, atrium_oauth::store::session::Session>` is implemented for it","code":null,"level":"help","spans":[],"children":[],"rendered":null},{"message":"for that trait implementation, expected `atrium_api::types::string::Did`, found `atrium_api::types::string::Did`","code":null,"level":"help","spans":[],"children":[],"rendered":null},{"message":"the full name for the type has been written to '/Users/joshlacalamito/Developer/Catbird+Petrel/nest/catbird/target/debug/deps/catbird-61ad54cb3e9cb245.long-type-15512028975410710745.txt'","code":null,"level":"note","spans":[],"children":[],"rendered":null},{"message":"consider using `--verbose` to print the full type name to the console","code":null,"level":"note","spans":[],"children":[],"rendered":null}],"rendered":"\u001b[1m\u001b[91merror[E0277]\u001b[0m\u001b[1m: the trait bound `RedisSessionStore: Store<Did, Session>` is not satisfied\u001b[0m\n   \u001b[1m\u001b[94m--> \u001b[0msrc/config/mod.rs:126:34\n    \u001b[1m\u001b[94m|\u001b[0m\n\u001b[1m\u001b[94m126\u001b[0m \u001b[1m\u001b[94m|\u001b[0m     pub oauth_client: Option<Arc<crate::services::CatbirdOAuthClient>>,\n    \u001b[1m\u001b[94m|\u001b[0m                                  \u001b[1m\u001b[91m^^^^^^^^^^^^^^^^^^^^^^^^^^^^^^^^^^^\u001b[0m \u001b[1m\u001b[91munsatisfied trait bound\u001b[0m\n    \u001b[1m\u001b[94m|\u001b[0m\n    \u001b[1m\u001b[94m= \u001b[0m\u001b[1mhelp\u001b[0m: the trait `Store<atrium_api::types::string::Did, atrium_oauth::store::session::Session>` \u001b[1m\u001b[35mis not\u001b[0m implemented for `RedisSessionStore`\n            but trait `Store<\u001b[1m\u001b[35matrium_api::types::string::Did\u001b[0m, atrium_oauth::store::session::Session>` \u001b[1m\u001b[35mis\u001b[0m implemented for it\n    \u001b[1m\u001b[94m= \u001b[0m\u001b[1mhelp\u001b[0m: for that trait implementation, expected `\u001b[1m\u001b[35matrium_api::types::string::Did\u001b[0m`, found `\u001b[1m\u001b[35matrium_api::types::string::Did\u001b[0m`\n    \u001b[1m\u001b[94m= \u001b[0m\u001b[1mnote\u001b[0m: the full name for the type has been written to '/Users/joshlacalamito/Developer/Catbird+Petrel/nest/catbird/target/debug/deps/catbird-61ad54cb3e9cb245.long-type-15512028975410710745.txt'\n    \u001b[1m\u001b[94m= \u001b[0m\u001b[1mnote\u001b[0m: consider using `--verbose` to print the full type name to the console\n\n"}
{"$message_type":"diagnostic","message":"the trait bound `RedisSessionStore: Store<Did, Session>` is not satisfied","code":{"code":"E0277","explanation":"You tried to use a type which doesn't implement some trait in a place which\nexpected that trait.\n\nErroneous code example:\n\n```compile_fail,E0277\n// here we declare the Foo trait with a bar method\ntrait Foo {\n    fn bar(&self);\n}\n\n// we now declare a function which takes an object implementing the Foo trait\nfn some_func<T: Foo>(foo: T) {\n    foo.bar();\n}\n\nfn main() {\n    // we now call the method with the i32 type, which doesn't implement\n    // the Foo trait\n    some_func(5i32); // error: the trait bound `i32 : Foo` is not satisfied\n}\n```\n\nIn order to fix this error, verify that the type you're using does implement\nthe trait. Example:\n\n```\ntrait Foo {\n    fn bar(&self);\n}\n\n// we implement the trait on the i32 type\nimpl Foo for i32 {\n    fn bar(&self) {}\n}\n\nfn some_func<T: Foo>(foo: T) {\n    foo.bar(); // we can now use this method since i32 implements the\n               // Foo trait\n}\n\nfn main() {\n    some_func(5i32); // ok!\n}\n```\n\nOr in a generic context, an erroneous code example would look like:\n\n```compile_fail,E0277\nfn some_func<T>(foo: T) {\n    println!(\"{:?}\", foo); // error: the trait `core::fmt::Debug` is not\n                           //        implemented for the type `T`\n}\n\nfn main() {\n    // We now call the method with the i32 type,\n    // which *does* implement the Debug trait.\n    some_func(5i32);\n}\n```\n\nNote that the error here is in the definition of the generic function. Although\nwe only call it with a parameter that does implement `Debug`, the compiler\nstill rejects the function. It must work with all possible input types. In\norder to make this example compile, we need to restrict the generic type we're\naccepting:\n\n```\nuse std::fmt;\n\n// Restrict the input type to types that implement Debug.\nfn some_func<T: fmt::Debug>(foo: T) {\n    println!(\"{:?}\", foo);\n}\n\nfn main() {\n    // Calling the method is still fine, as i32 implements Debug.\n    some_func(5i32);\n\n    // This would fail to compile now:\n    // struct WithoutDebug;\n    // some_func(WithoutDebug);\n}\n```\n\nRust only looks at the signature of the called function, as such it must\nalready specify all requirements that will be used for every type parameter.\n"},"level":"error","spans":[{"file_name":"src/services/oauth.rs","byte_start":4306,"byte_end":4323,"line_start":128,"line_end":128,"column_start":23,"column_end":40,"is_primary":true,"text":[{"text":"impl SessionStore for RedisSessionStore {}","highlight_start":23,"highlight_end":40}],"label":"unsatisfied trait bound","suggested_replacement":null,"suggestion_applicability":null,"expansion":null}],"children":[{"message":"the trait `Store<atrium_api::types::string::Did, atrium_oauth::store::session::Session>` is not implemented for `RedisSessionStore`\nbut trait `Store<atrium_api::types::string::Did, atrium_oauth::store::session::Session>` is implemented for it","code":null,"level":"help","spans":[],"children":[],"rendered":null},{"message":"for that trait implementation, expected `atrium_api::types::string::Did`, found `atrium_api::types::string::Did`","code":null,"level":"help","spans":[],"children":[],"rendered":null},{"message":"required by a bound in `atrium_oauth::store::session::SessionStore`","code":null,"level":"note","spans":[{"file_name":"/Users/joshlacalamito/.cargo/registry/src/index.crates.io-1949cf8c6b5b557f/atrium-oauth-0.1.6/src/store/session.rs","byte_start":340,"byte_end":359,"line_start":13,"line_end":13,"column_start":25,"column_end":44,"is_primary":true,"text":[{"text":"pub trait SessionStore: Store<Did, Session> {}","highlight_start":25,"highlight_end":44}],"label":"required by this bound in `SessionStore`","suggested_replacement":null,"suggestion_applicability":null,"expansion":null}],"children":[],"rendered":null},{"message":"the full name for the type has been written to '/Users/joshlacalamito/Developer/Catbird+Petrel/nest/catbird/target/debug/deps/catbird-61ad54cb3e9cb245.long-type-15512028975410710745.txt'","code":null,"level":"note","spans":[],"children":[],"rendered":null},{"message":"consider using `--verbose` to print the full type name to the console","code":null,"level":"note","spans":[],"children":[],"rendered":null}],"rendered":"\u001b[1m\u001b[91merror[E0277]\u001b[0m\u001b[1m: the trait bound `RedisSessionStore: Store<Did, Session>` is not satisfied\u001b[0m\n   \u001b[1m\u001b[94m--> \u001b[0msrc/services/oauth.rs:128:23\n    \u001b[1m\u001b[94m|\u001b[0m\n\u001b[1m\u001b[94m128\u001b[0m \u001b[1m\u001b[94m|\u001b[0m impl SessionStore for RedisSessionStore {}\n    \u001b[1m\u001b[94m|\u001b[0m                       \u001b[1m\u001b[91m^^^^^^^^^^^^^^^^^\u001b[0m \u001b[1m\u001b[91munsatisfied trait bound\u001b[0m\n    \u001b[1m\u001b[94m|\u001b[0m\n    \u001b[1m\u001b[94m= \u001b[0m\u001b[1mhelp\u001b[0m: the trait `Store<atrium_api::types::string::Did, atrium_oauth::store::session::Session>` \u001b[1m\u001b[35mis not\u001b[0m implemented for `RedisSessionStore`\n            but trait `Store<\u001b[1m\u001b[35matrium_api::types::string::Did\u001b[0m, atrium_oauth::store::session::Session>` \u001b[1m\u001b[35mis\u001b[0m implemented for it\n    \u001b[1m\u001b[94m= \u001b[0m\u001b[1mhelp\u001b[0m: for that trait implementation, expected `\u001b[1m\u001b[35matrium_api::types::string::Did\u001b[0m`, found `\u001b[1m\u001b[35matrium_api::types::string::Did\u001b[0m`\n\u001b[1m\u001b[92mnote\u001b[0m: required by a bound in `atrium_oauth::store::session::SessionStore`\n   \u001b[1m\u001b[94m--> \u001b[0m/Users/joshlacalamito/.cargo/registry/src/index.crates.io-1949cf8c6b5b557f/atrium-oauth-0.1.6/src/store/session.rs:13:25\n    \u001b[1m\u001b[94m|\u001b[0m\n \u001b[1m\u001b[94m13\u001b[0m \u001b[1m\u001b[94m|\u001b[0m pub trait SessionStore: Store<Did, Session> {}\n    \u001b[1m\u001b[94m|\u001b[0m                         \u001b[1m\u001b[92m^^^^^^^^^^^^^^^^^^^\u001b[0m \u001b[1m\u001b[92mrequired by this bound in `SessionStore`\u001b[0m\n    \u001b[1m\u001b[94m= \u001b[0m\u001b[1mnote\u001b[0m: the full name for the type has been written to '/Users/joshlacalamito/Developer/Catbird+Petrel/nest/catbird/target/debug/deps/catbird-61ad54cb3e9cb245.long-type-15512028975410710745.txt'\n    \u001b[1m\u001b[94m= \u001b[0m\u001b[1mnote\u001b[0m: consider using `--verbose` to print the full type name to the console\n\n"}
{"$message_type":"diagnostic","message":"the trait bound `RedisSessionStore: Store<Did, Session>` is not satisfied","code":{"code":"E0277","explanation":"You tried to use a type which doesn't implement some trait in a place which\nexpected that trait.\n\nErroneous code example:\n\n```compile_fail,E0277\n// here we declare the Foo trait with a bar method\ntrait Foo {\n    fn bar(&self);\n}\n\n// we now declare a function which takes an object implementing the Foo trait\nfn some_func<T: Foo>(foo: T) {\n    foo.bar();\n}\n\nfn main() {\n    // we now call the method with the i32 type, which doesn't implement\n    // the Foo trait\n    some_func(5i32); // error: the trait bound `i32 : Foo` is not satisfied\n}\n```\n\nIn order to fix this error, verify that the type you're using does implement\nthe trait. Example:\n\n```\ntrait Foo {\n    fn bar(&self);\n}\n\n// we implement the trait on the i32 type\nimpl Foo for i32 {\n    fn bar(&self) {}\n}\n\nfn some_func<T: Foo>(foo: T) {\n    foo.bar(); // we can now use this method since i32 implements the\n               // Foo trait\n}\n\nfn main() {\n    some_func(5i32); // ok!\n}\n```\n\nOr in a generic context, an erroneous code example would look like:\n\n```compile_fail,E0277\nfn some_func<T>(foo: T) {\n    println!(\"{:?}\", foo); // error: the trait `core::fmt::Debug` is not\n                           //        implemented for the type `T`\n}\n\nfn main() {\n    // We now call the method with the i32 type,\n    // which *does* implement the Debug trait.\n    some_func(5i32);\n}\n```\n\nNote that the error here is in the definition of the generic function. Although\nwe only call it with a parameter that does implement `Debug`, the compiler\nstill rejects the function. It must work with all possible input types. In\norder to make this example compile, we need to restrict the generic type we're\naccepting:\n\n```\nuse std::fmt;\n\n// Restrict the input type to types that implement Debug.\nfn some_func<T: fmt::Debug>(foo: T) {\n    println!(\"{:?}\", foo);\n}\n\nfn main() {\n    // Calling the method is still fine, as i32 implements Debug.\n    some_func(5i32);\n\n    // This would fail to compile now:\n    // struct WithoutDebug;\n    // some_func(WithoutDebug);\n}\n```\n\nRust only looks at the signature of the called function, as such it must\nalready specify all requirements that will be used for every type parameter.\n"},"level":"error","spans":[{"file_name":"src/services/oauth.rs","byte_start":4853,"byte_end":4871,"line_start":146,"line_end":146,"column_start":16,"column_end":34,"is_primary":true,"text":[{"text":") -> AppResult<CatbirdOAuthClient> {","highlight_start":16,"highlight_end":34}],"label":"unsatisfied trait bound","suggested_replacement":null,"suggestion_applicability":null,"expansion":null}],"children":[{"message":"the trait `Store<atrium_api::types::string::Did, atrium_oauth::store::session::Session>` is not implemented for `RedisSessionStore`\nbut trait `Store<atrium_api::types::string::Did, atrium_oauth::store::session::Session>` is implemented for it","code":null,"level":"help","spans":[],"children":[],"rendered":null},{"message":"for that trait implementation, expected `atrium_api::types::string::Did`, found `atrium_api::types::string::Did`","code":null,"level":"help","spans":[],"children":[],"rendered":null},{"message":"the full name for the type has been written to '/Users/joshlacalamito/Developer/Catbird+Petrel/nest/catbird/target/debug/deps/catbird-61ad54cb3e9cb245.long-type-15512028975410710745.txt'","code":null,"level":"note","spans":[],"children":[],"rendered":null},{"message":"consider using `--verbose` to print the full type name to the console","code":null,"level":"note","spans":[],"children":[],"rendered":null}],"rendered":"\u001b[1m\u001b[91merror[E0277]\u001b[0m\u001b[1m: the trait bound `RedisSessionStore: Store<Did, Session>` is not satisfied\u001b[0m\n   \u001b[1m\u001b[94m--> \u001b[0msrc/services/oauth.rs:146:16\n    \u001b[1m\u001b[94m|\u001b[0m\n\u001b[1m\u001b[94m146\u001b[0m \u001b[1m\u001b[94m|\u001b[0m ) -> AppResult<CatbirdOAuthClient> {\n    \u001b[1m\u001b[94m|\u001b[0m                \u001b[1m\u001b[91m^^^^^^^^^^^^^^^^^^\u001b[0m \u001b[1m\u001b[91munsatisfied trait bound\u001b[0m\n    \u001b[1m\u001b[94m|\u001b[0m\n    \u001b[1m\u001b[94m= \u001b[0m\u001b[1mhelp\u001b[0m: the trait `Store<atrium_api::types::string::Did, atrium_oauth::store::session::Session>` \u001b[1m\u001b[35mis not\u001b[0m implemented for `RedisSessionStore`\n            but trait `Store<\u001b[1m\u001b[35matrium_api::types::string::Did\u001b[0m, atrium_oauth::store::session::Session>` \u001b[1m\u001b[35mis\u001b[0m implemented for it\n    \u001b[1m\u001b[94m= \u001b[0m\u001b[1mhelp\u001b[0m: for that trait implementation, expected `\u001b[1m\u001b[35matrium_api::types::string::Did\u001b[0m`, found `\u001b[1m\u001b[35matrium_api::types::string::Did\u001b[0m`\n    \u001b[1m\u001b[94m= \u001b[0m\u001b[1mnote\u001b[0m: the full name for the type has been written to '/Users/joshlacalamito/Developer/Catbird+Petrel/nest/catbird/target/debug/deps/catbird-61ad54cb3e9cb245.long-type-15512028975410710745.txt'\n    \u001b[1m\u001b[94m= \u001b[0m\u001b[1mnote\u001b[0m: consider using `--verbose` to print the full type name to the console\n\n"}
{"$message_type":"diagnostic","message":"the trait bound `RedisSessionStore: Store<Did, Session>` is not satisfied","code":{"code":"E0277","explanation":"You tried to use a type which doesn't implement some trait in a place which\nexpected that trait.\n\nErroneous code example:\n\n```compile_fail,E0277\n// here we declare the Foo trait with a bar method\ntrait Foo {\n    fn bar(&self);\n}\n\n// we now declare a function which takes an object implementing the Foo trait\nfn some_func<T: Foo>(foo: T) {\n    foo.bar();\n}\n\nfn main() {\n    // we now call the method with the i32 type, which doesn't implement\n    // the Foo trait\n    some_func(5i32); // error: the trait bound `i32 : Foo` is not satisfied\n}\n```\n\nIn order to fix this error, verify that the type you're using does implement\nthe trait. Example:\n\n```\ntrait Foo {\n    fn bar(&self);\n}\n\n// we implement the trait on the i32 type\nimpl Foo for i32 {\n    fn bar(&self) {}\n}\n\nfn some_func<T: Foo>(foo: T) {\n    foo.bar(); // we can now use this method since i32 implements the\n               // Foo trait\n}\n\nfn main() {\n    some_func(5i32); // ok!\n}\n```\n\nOr in a generic context, an erroneous code example would look like:\n\n```compile_fail,E0277\nfn some_func<T>(foo: T) {\n    println!(\"{:?}\", foo); // error: the trait `core::fmt::Debug` is not\n                           //        implemented for the type `T`\n}\n\nfn main() {\n    // We now call the method with the i32 type,\n    // which *does* implement the Debug trait.\n    some_func(5i32);\n}\n```\n\nNote that the error here is in the definition of the generic function. Although\nwe only call it with a parameter that does implement `Debug`, the compiler\nstill rejects the function. It must work with all possible input types. In\norder to make this example compile, we need to restrict the generic type we're\naccepting:\n\n```\nuse std::fmt;\n\n// Restrict the input type to types that implement Debug.\nfn some_func<T: fmt::Debug>(foo: T) {\n    println!(\"{:?}\", foo);\n}\n\nfn main() {\n    // Calling the method is still fine, as i32 implements Debug.\n    some_func(5i32);\n\n    // This would fail to compile now:\n    // struct WithoutDebug;\n    // some_func(WithoutDebug);\n}\n```\n\nRust only looks at the signature of the called function, as such it must\nalready specify all requirements that will be used for every type parameter.\n"},"level":"error","spans":[{"file_name":"src/config/mod.rs","byte_start":4215,"byte_end":4219,"line_start":143,"line_end":143,"column_start":27,"column_end":31,"is_primary":true,"text":[{"text":"            oauth_client: None,","highlight_start":27,"highlight_end":31}],"label":"unsatisfied trait bound","suggested_replacement":null,"suggestion_applicability":null,"expansion":null}],"children":[{"message":"the trait `Store<atrium_api::types::string::Did, atrium_oauth::store::session::Session>` is not implemented for `RedisSessionStore`\nbut trait `Store<atrium_api::types::string::Did, atrium_oauth::store::session::Session>` is implemented for it","code":null,"level":"help","spans":[],"children":[],"rendered":null},{"message":"for that trait implementation, expected `atrium_api::types::string::Did`, found `atrium_api::types::string::Did`","code":null,"level":"help","spans":[],"children":[],"rendered":null},{"message":"the full name for the type has been written to '/Users/joshlacalamito/Developer/Catbird+Petrel/nest/catbird/target/debug/deps/catbird-61ad54cb3e9cb245.long-type-15512028975410710745.txt'","code":null,"level":"note","spans":[],"children":[],"rendered":null},{"message":"consider using `--verbose` to print the full type name to the console","code":null,"level":"note","spans":[],"children":[],"rendered":null}],"rendered":"\u001b[1m\u001b[91merror[E0277]\u001b[0m\u001b[1m: the trait bound `RedisSessionStore: Store<Did, Session>` is not satisfied\u001b[0m\n   \u001b[1m\u001b[94m--> \u001b[0msrc/config/mod.rs:143:27\n    \u001b[1m\u001b[94m|\u001b[0m\n\u001b[1m\u001b[94m143\u001b[0m \u001b[1m\u001b[94m|\u001b[0m             oauth_client: None,\n    \u001b[1m\u001b[94m|\u001b[0m                           \u001b[1m\u001b[91m^^^^\u001b[0m \u001b[1m\u001b[91munsatisfied trait bound\u001b[0m\n    \u001b[1m\u001b[94m|\u001b[0m\n    \u001b[1m\u001b[94m= \u001b[0m\u001b[1mhelp\u001b[0m: the trait `Store<atrium_api::types::string::Did, atrium_oauth::store::session::Session>` \u001b[1m\u001b[35mis not\u001b[0m implemented for `RedisSessionStore`\n            but trait `Store<\u001b[1m\u001b[35matrium_api::types::string::Did\u001b[0m, atrium_oauth::store::session::Session>` \u001b[1m\u001b[35mis\u001b[0m implemented for it\n    \u001b[1m\u001b[94m= \u001b[0m\u001b[1mhelp\u001b[0m: for that trait implementation, expected `\u001b[1m\u001b[35matrium_api::types::string::Did\u001b[0m`, found `\u001b[1m\u001b[35matrium_api::types::string::Did\u001b[0m`\n    \u001b[1m\u001b[94m= \u001b[0m\u001b[1mnote\u001b[0m: the full name for the type has been written to '/Users/joshlacalamito/Developer/Catbird+Petrel/nest/catbird/target/debug/deps/catbird-61ad54cb3e9cb245.long-type-15512028975410710745.txt'\n    \u001b[1m\u001b[94m= \u001b[0m\u001b[1mnote\u001b[0m: consider using `--verbose` to print the full type name to the console\n\n"}
{"$message_type":"diagnostic","message":"the trait bound `RedisSessionStore: Store<Did, Session>` is not satisfied","code":{"code":"E0277","explanation":"You tried to use a type which doesn't implement some trait in a place which\nexpected that trait.\n\nErroneous code example:\n\n```compile_fail,E0277\n// here we declare the Foo trait with a bar method\ntrait Foo {\n    fn bar(&self);\n}\n\n// we now declare a function which takes an object implementing the Foo trait\nfn some_func<T: Foo>(foo: T) {\n    foo.bar();\n}\n\nfn main() {\n    // we now call the method with the i32 type, which doesn't implement\n    // the Foo trait\n    some_func(5i32); // error: the trait bound `i32 : Foo` is not satisfied\n}\n```\n\nIn order to fix this error, verify that the type you're using does implement\nthe trait. Example:\n\n```\ntrait Foo {\n    fn bar(&self);\n}\n\n// we implement the trait on the i32 type\nimpl Foo for i32 {\n    fn bar(&self) {}\n}\n\nfn some_func<T: Foo>(foo: T) {\n    foo.bar(); // we can now use this method since i32 implements the\n               // Foo trait\n}\n\nfn main() {\n    some_func(5i32); // ok!\n}\n```\n\nOr in a generic context, an erroneous code example would look like:\n\n```compile_fail,E0277\nfn some_func<T>(foo: T) {\n    println!(\"{:?}\", foo); // error: the trait `core::fmt::Debug` is not\n                           //        implemented for the type `T`\n}\n\nfn main() {\n    // We now call the method with the i32 type,\n    // which *does* implement the Debug trait.\n    some_func(5i32);\n}\n```\n\nNote that the error here is in the definition of the generic function. Although\nwe only call it with a parameter that does implement `Debug`, the compiler\nstill rejects the function. It must work with all possible input types. In\norder to make this example compile, we need to restrict the generic type we're\naccepting:\n\n```\nuse std::fmt;\n\n// Restrict the input type to types that implement Debug.\nfn some_func<T: fmt::Debug>(foo: T) {\n    println!(\"{:?}\", foo);\n}\n\nfn main() {\n    // Calling the method is still fine, as i32 implements Debug.\n    some_func(5i32);\n\n    // This would fail to compile now:\n    // struct WithoutDebug;\n    // some_func(WithoutDebug);\n}\n```\n\nRust only looks at the signature of the called function, as such it must\nalready specify all requirements that will be used for every type parameter.\n"},"level":"error","spans":[{"file_name":"src/config/mod.rs","byte_start":4305,"byte_end":4349,"line_start":147,"line_end":147,"column_start":15,"column_end":59,"is_primary":true,"text":[{"text":"        match crate::services::create_oauth_client(&state) {","highlight_start":15,"highlight_end":59}],"label":"unsatisfied trait bound","suggested_replacement":null,"suggestion_applicability":null,"expansion":null}],"children":[{"message":"the trait `Store<atrium_api::types::string::Did, atrium_oauth::store::session::Session>` is not implemented for `RedisSessionStore`\nbut trait `Store<atrium_api::types::string::Did, atrium_oauth::store::session::Session>` is implemented for it","code":null,"level":"help","spans":[],"children":[],"rendered":null},{"message":"for that trait implementation, expected `atrium_api::types::string::Did`, found `atrium_api::types::string::Did`","code":null,"level":"help","spans":[],"children":[],"rendered":null},{"message":"the full name for the type has been written to '/Users/joshlacalamito/Developer/Catbird+Petrel/nest/catbird/target/debug/deps/catbird-61ad54cb3e9cb245.long-type-15512028975410710745.txt'","code":null,"level":"note","spans":[],"children":[],"rendered":null},{"message":"consider using `--verbose` to print the full type name to the console","code":null,"level":"note","spans":[],"children":[],"rendered":null}],"rendered":"\u001b[1m\u001b[91merror[E0277]\u001b[0m\u001b[1m: the trait bound `RedisSessionStore: Store<Did, Session>` is not satisfied\u001b[0m\n   \u001b[1m\u001b[94m--> \u001b[0msrc/config/mod.rs:147:15\n    \u001b[1m\u001b[94m|\u001b[0m\n\u001b[1m\u001b[94m147\u001b[0m \u001b[1m\u001b[94m|\u001b[0m         match crate::services::create_oauth_client(&state) {\n    \u001b[1m\u001b[94m|\u001b[0m               \u001b[1m\u001b[91m^^^^^^^^^^^^^^^^^^^^^^^^^^^^^^^^^^^^^^^^^^^^\u001b[0m \u001b[1m\u001b[91munsatisfied trait bound\u001b[0m\n    \u001b[1m\u001b[94m|\u001b[0m\n    \u001b[1m\u001b[94m= \u001b[0m\u001b[1mhelp\u001b[0m: the trait `Store<atrium_api::types::string::Did, atrium_oauth::store::session::Session>` \u001b[1m\u001b[35mis not\u001b[0m implemented for `RedisSessionStore`\n            but trait `Store<\u001b[1m\u001b[35matrium_api::types::string::Did\u001b[0m, atrium_oauth::store::session::Session>` \u001b[1m\u001b[35mis\u001b[0m implemented for it\n    \u001b[1m\u001b[94m= \u001b[0m\u001b[1mhelp\u001b[0m: for that trait implementation, expected `\u001b[1m\u001b[35matrium_api::types::string::Did\u001b[0m`, found `\u001b[1m\u001b[35matrium_api::types::string::Did\u001b[0m`\n    \u001b[1m\u001b[94m= \u001b[0m\u001b[1mnote\u001b[0m: the full name for the type has been written to '/Users/joshlacalamito/Developer/Catbird+Petrel/nest/catbird/target/debug/deps/catbird-61ad54cb3e9cb245.long-type-15512028975410710745.txt'\n    \u001b[1m\u001b[94m= \u001b[0m\u001b[1mnote\u001b[0m: consider using `--verbose` to print the full type name to the console\n\n"}
{"$message_type":"diagnostic","message":"the trait bound `RedisSessionStore: Store<Did, Session>` is not satisfied","code":{"code":"E0277","explanation":"You tried to use a type which doesn't implement some trait in a place which\nexpected that trait.\n\nErroneous code example:\n\n```compile_fail,E0277\n// here we declare the Foo trait with a bar method\ntrait Foo {\n    fn bar(&self);\n}\n\n// we now declare a function which takes an object implementing the Foo trait\nfn some_func<T: Foo>(foo: T) {\n    foo.bar();\n}\n\nfn main() {\n    // we now call the method with the i32 type, which doesn't implement\n    // the Foo trait\n    some_func(5i32); // error: the trait bound `i32 : Foo` is not satisfied\n}\n```\n\nIn order to fix this error, verify that the type you're using does implement\nthe trait. Example:\n\n```\ntrait Foo {\n    fn bar(&self);\n}\n\n// we implement the trait on the i32 type\nimpl Foo for i32 {\n    fn bar(&self) {}\n}\n\nfn some_func<T: Foo>(foo: T) {\n    foo.bar(); // we can now use this method since i32 implements the\n               // Foo trait\n}\n\nfn main() {\n    some_func(5i32); // ok!\n}\n```\n\nOr in a generic context, an erroneous code example would look like:\n\n```compile_fail,E0277\nfn some_func<T>(foo: T) {\n    println!(\"{:?}\", foo); // error: the trait `core::fmt::Debug` is not\n                           //        implemented for the type `T`\n}\n\nfn main() {\n    // We now call the method with the i32 type,\n    // which *does* implement the Debug trait.\n    some_func(5i32);\n}\n```\n\nNote that the error here is in the definition of the generic function. Although\nwe only call it with a parameter that does implement `Debug`, the compiler\nstill rejects the function. It must work with all possible input types. In\norder to make this example compile, we need to restrict the generic type we're\naccepting:\n\n```\nuse std::fmt;\n\n// Restrict the input type to types that implement Debug.\nfn some_func<T: fmt::Debug>(foo: T) {\n    println!(\"{:?}\", foo);\n}\n\nfn main() {\n    // Calling the method is still fine, as i32 implements Debug.\n    some_func(5i32);\n\n    // This would fail to compile now:\n    // struct WithoutDebug;\n    // some_func(WithoutDebug);\n}\n```\n\nRust only looks at the signature of the called function, as such it must\nalready specify all requirements that will be used for every type parameter.\n"},"level":"error","spans":[{"file_name":"src/config/mod.rs","byte_start":4422,"byte_end":4425,"line_start":149,"line_end":149,"column_start":43,"column_end":46,"is_primary":true,"text":[{"text":"                state.oauth_client = Some(Arc::new(client));","highlight_start":43,"highlight_end":46}],"label":"unsatisfied trait bound","suggested_replacement":null,"suggestion_applicability":null,"expansion":null}],"children":[{"message":"the trait `Store<atrium_api::types::string::Did, atrium_oauth::store::session::Session>` is not implemented for `RedisSessionStore`\nbut trait `Store<atrium_api::types::string::Did, atrium_oauth::store::session::Session>` is implemented for it","code":null,"level":"help","spans":[],"children":[],"rendered":null},{"message":"for that trait implementation, expected `atrium_api::types::string::Did`, found `atrium_api::types::string::Did`","code":null,"level":"help","spans":[],"children":[],"rendered":null},{"message":"the full name for the type has been written to '/Users/joshlacalamito/Developer/Catbird+Petrel/nest/catbird/target/debug/deps/catbird-61ad54cb3e9cb245.long-type-15512028975410710745.txt'","code":null,"level":"note","spans":[],"children":[],"rendered":null},{"message":"consider using `--verbose` to print the full type name to the console","code":null,"level":"note","spans":[],"children":[],"rendered":null}],"rendered":"\u001b[1m\u001b[91merror[E0277]\u001b[0m\u001b[1m: the trait bound `RedisSessionStore: Store<Did, Session>` is not satisfied\u001b[0m\n   \u001b[1m\u001b[94m--> \u001b[0msrc/config/mod.rs:149:43\n    \u001b[1m\u001b[94m|\u001b[0m\n\u001b[1m\u001b[94m149\u001b[0m \u001b[1m\u001b[94m|\u001b[0m                 state.oauth_client = Some(Arc::new(client));\n    \u001b[1m\u001b[94m|\u001b[0m                                           \u001b[1m\u001b[91m^^^\u001b[0m \u001b[1m\u001b[91munsatisfied trait bound\u001b[0m\n    \u001b[1m\u001b[94m|\u001b[0m\n    \u001b[1m\u001b[94m= \u001b[0m\u001b[1mhelp\u001b[0m: the trait `Store<atrium_api::types::string::Did, atrium_oauth::store::session::Session>` \u001b[1m\u001b[35mis not\u001b[0m implemented for `RedisSessionStore`\n            but trait `Store<\u001b[1m\u001b[35matrium_api::types::string::Did\u001b[0m, atrium_oauth::store::session::Session>` \u001b[1m\u001b[35mis\u001b[0m implemented for it\n    \u001b[1m\u001b[94m= \u001b[0m\u001b[1mhelp\u001b[0m: for that trait implementation, expected `\u001b[1m\u001b[35matrium_api::types::string::Did\u001b[0m`, found `\u001b[1m\u001b[35matrium_api::types::string::Did\u001b[0m`\n    \u001b[1m\u001b[94m= \u001b[0m\u001b[1mnote\u001b[0m: the full name for the type has been written to '/Users/joshlacalamito/Developer/Catbird+Petrel/nest/catbird/target/debug/deps/catbird-61ad54cb3e9cb245.long-type-15512028975410710745.txt'\n    \u001b[1m\u001b[94m= \u001b[0m\u001b[1mnote\u001b[0m: consider using `--verbose` to print the full type name to the console\n\n"}
{"$message_type":"diagnostic","message":"the trait bound `RedisSessionStore: Store<Did, Session>` is not satisfied","code":{"code":"E0277","explanation":"You tried to use a type which doesn't implement some trait in a place which\nexpected that trait.\n\nErroneous code example:\n\n```compile_fail,E0277\n// here we declare the Foo trait with a bar method\ntrait Foo {\n    fn bar(&self);\n}\n\n// we now declare a function which takes an object implementing the Foo trait\nfn some_func<T: Foo>(foo: T) {\n    foo.bar();\n}\n\nfn main() {\n    // we now call the method with the i32 type, which doesn't implement\n    // the Foo trait\n    some_func(5i32); // error: the trait bound `i32 : Foo` is not satisfied\n}\n```\n\nIn order to fix this error, verify that the type you're using does implement\nthe trait. Example:\n\n```\ntrait Foo {\n    fn bar(&self);\n}\n\n// we implement the trait on the i32 type\nimpl Foo for i32 {\n    fn bar(&self) {}\n}\n\nfn some_func<T: Foo>(foo: T) {\n    foo.bar(); // we can now use this method since i32 implements the\n               // Foo trait\n}\n\nfn main() {\n    some_func(5i32); // ok!\n}\n```\n\nOr in a generic context, an erroneous code example would look like:\n\n```compile_fail,E0277\nfn some_func<T>(foo: T) {\n    println!(\"{:?}\", foo); // error: the trait `core::fmt::Debug` is not\n                           //        implemented for the type `T`\n}\n\nfn main() {\n    // We now call the method with the i32 type,\n    // which *does* implement the Debug trait.\n    some_func(5i32);\n}\n```\n\nNote that the error here is in the definition of the generic function. Although\nwe only call it with a parameter that does implement `Debug`, the compiler\nstill rejects the function. It must work with all possible input types. In\norder to make this example compile, we need to restrict the generic type we're\naccepting:\n\n```\nuse std::fmt;\n\n// Restrict the input type to types that implement Debug.\nfn some_func<T: fmt::Debug>(foo: T) {\n    println!(\"{:?}\", foo);\n}\n\nfn main() {\n    // Calling the method is still fine, as i32 implements Debug.\n    some_func(5i32);\n\n    // This would fail to compile now:\n    // struct WithoutDebug;\n    // some_func(WithoutDebug);\n}\n```\n\nRust only looks at the signature of the called function, as such it must\nalready specify all requirements that will be used for every type parameter.\n"},"level":"error","spans":[{"file_name":"src/config/mod.rs","byte_start":4417,"byte_end":4421,"line_start":149,"line_end":149,"column_start":38,"column_end":42,"is_primary":true,"text":[{"text":"                state.oauth_client = Some(Arc::new(client));","highlight_start":38,"highlight_end":42}],"label":"unsatisfied trait bound","suggested_replacement":null,"suggestion_applicability":null,"expansion":null}],"children":[{"message":"the trait `Store<atrium_api::types::string::Did, atrium_oauth::store::session::Session>` is not implemented for `RedisSessionStore`\nbut trait `Store<atrium_api::types::string::Did, atrium_oauth::store::session::Session>` is implemented for it","code":null,"level":"help","spans":[],"children":[],"rendered":null},{"message":"for that trait implementation, expected `atrium_api::types::string::Did`, found `atrium_api::types::string::Did`","code":null,"level":"help","spans":[],"children":[],"rendered":null},{"message":"the full name for the type has been written to '/Users/joshlacalamito/Developer/Catbird+Petrel/nest/catbird/target/debug/deps/catbird-61ad54cb3e9cb245.long-type-15512028975410710745.txt'","code":null,"level":"note","spans":[],"children":[],"rendered":null},{"message":"consider using `--verbose` to print the full type name to the console","code":null,"level":"note","spans":[],"children":[],"rendered":null}],"rendered":"\u001b[1m\u001b[91merror[E0277]\u001b[0m\u001b[1m: the trait bound `RedisSessionStore: Store<Did, Session>` is not satisfied\u001b[0m\n   \u001b[1m\u001b[94m--> \u001b[0msrc/config/mod.rs:149:38\n    \u001b[1m\u001b[94m|\u001b[0m\n\u001b[1m\u001b[94m149\u001b[0m \u001b[1m\u001b[94m|\u001b[0m                 state.oauth_client = Some(Arc::new(client));\n    \u001b[1m\u001b[94m|\u001b[0m                                      \u001b[1m\u001b[91m^^^^\u001b[0m \u001b[1m\u001b[91munsatisfied trait bound\u001b[0m\n    \u001b[1m\u001b[94m|\u001b[0m\n    \u001b[1m\u001b[94m= \u001b[0m\u001b[1mhelp\u001b[0m: the trait `Store<atrium_api::types::string::Did, atrium_oauth::store::session::Session>` \u001b[1m\u001b[35mis not\u001b[0m implemented for `RedisSessionStore`\n            but trait `Store<\u001b[1m\u001b[35matrium_api::types::string::Did\u001b[0m, atrium_oauth::store::session::Session>` \u001b[1m\u001b[35mis\u001b[0m implemented for it\n    \u001b[1m\u001b[94m= \u001b[0m\u001b[1mhelp\u001b[0m: for that trait implementation, expected `\u001b[1m\u001b[35matrium_api::types::string::Did\u001b[0m`, found `\u001b[1m\u001b[35matrium_api::types::string::Did\u001b[0m`\n    \u001b[1m\u001b[94m= \u001b[0m\u001b[1mnote\u001b[0m: the full name for the type has been written to '/Users/joshlacalamito/Developer/Catbird+Petrel/nest/catbird/target/debug/deps/catbird-61ad54cb3e9cb245.long-type-15512028975410710745.txt'\n    \u001b[1m\u001b[94m= \u001b[0m\u001b[1mnote\u001b[0m: consider using `--verbose` to print the full type name to the console\n\n"}
{"$message_type":"diagnostic","message":"the trait bound `RedisSessionStore: Store<Did, Session>` is not satisfied","code":{"code":"E0277","explanation":"You tried to use a type which doesn't implement some trait in a place which\nexpected that trait.\n\nErroneous code example:\n\n```compile_fail,E0277\n// here we declare the Foo trait with a bar method\ntrait Foo {\n    fn bar(&self);\n}\n\n// we now declare a function which takes an object implementing the Foo trait\nfn some_func<T: Foo>(foo: T) {\n    foo.bar();\n}\n\nfn main() {\n    // we now call the method with the i32 type, which doesn't implement\n    // the Foo trait\n    some_func(5i32); // error: the trait bound `i32 : Foo` is not satisfied\n}\n```\n\nIn order to fix this error, verify that the type you're using does implement\nthe trait. Example:\n\n```\ntrait Foo {\n    fn bar(&self);\n}\n\n// we implement the trait on the i32 type\nimpl Foo for i32 {\n    fn bar(&self) {}\n}\n\nfn some_func<T: Foo>(foo: T) {\n    foo.bar(); // we can now use this method since i32 implements the\n               // Foo trait\n}\n\nfn main() {\n    some_func(5i32); // ok!\n}\n```\n\nOr in a generic context, an erroneous code example would look like:\n\n```compile_fail,E0277\nfn some_func<T>(foo: T) {\n    println!(\"{:?}\", foo); // error: the trait `core::fmt::Debug` is not\n                           //        implemented for the type `T`\n}\n\nfn main() {\n    // We now call the method with the i32 type,\n    // which *does* implement the Debug trait.\n    some_func(5i32);\n}\n```\n\nNote that the error here is in the definition of the generic function. Although\nwe only call it with a parameter that does implement `Debug`, the compiler\nstill rejects the function. It must work with all possible input types. In\norder to make this example compile, we need to restrict the generic type we're\naccepting:\n\n```\nuse std::fmt;\n\n// Restrict the input type to types that implement Debug.\nfn some_func<T: fmt::Debug>(foo: T) {\n    println!(\"{:?}\", foo);\n}\n\nfn main() {\n    // Calling the method is still fine, as i32 implements Debug.\n    some_func(5i32);\n\n    // This would fail to compile now:\n    // struct WithoutDebug;\n    // some_func(WithoutDebug);\n}\n```\n\nRust only looks at the signature of the called function, as such it must\nalready specify all requirements that will be used for every type parameter.\n"},"level":"error","spans":[{"file_name":"src/config/mod.rs","byte_start":4417,"byte_end":4439,"line_start":149,"line_end":149,"column_start":38,"column_end":60,"is_primary":true,"text":[{"text":"                state.oauth_client = Some(Arc::new(client));","highlight_start":38,"highlight_end":60}],"label":"unsatisfied trait bound","suggested_replacement":null,"suggestion_applicability":null,"expansion":null}],"children":[{"message":"the trait `Store<atrium_api::types::string::Did, atrium_oauth::store::session::Session>` is not implemented for `RedisSessionStore`\nbut trait `Store<atrium_api::types::string::Did, atrium_oauth::store::session::Session>` is implemented for it","code":null,"level":"help","spans":[],"children":[],"rendered":null},{"message":"for that trait implementation, expected `atrium_api::types::string::Did`, found `atrium_api::types::string::Did`","code":null,"level":"help","spans":[],"children":[],"rendered":null},{"message":"the full name for the type has been written to '/Users/joshlacalamito/Developer/Catbird+Petrel/nest/catbird/target/debug/deps/catbird-61ad54cb3e9cb245.long-type-15512028975410710745.txt'","code":null,"level":"note","spans":[],"children":[],"rendered":null},{"message":"consider using `--verbose` to print the full type name to the console","code":null,"level":"note","spans":[],"children":[],"rendered":null}],"rendered":"\u001b[1m\u001b[91merror[E0277]\u001b[0m\u001b[1m: the trait bound `RedisSessionStore: Store<Did, Session>` is not satisfied\u001b[0m\n   \u001b[1m\u001b[94m--> \u001b[0msrc/config/mod.rs:149:38\n    \u001b[1m\u001b[94m|\u001b[0m\n\u001b[1m\u001b[94m149\u001b[0m \u001b[1m\u001b[94m|\u001b[0m                 state.oauth_client = Some(Arc::new(client));\n    \u001b[1m\u001b[94m|\u001b[0m                                      \u001b[1m\u001b[91m^^^^^^^^^^^^^^^^^^^^^^\u001b[0m \u001b[1m\u001b[91munsatisfied trait bound\u001b[0m\n    \u001b[1m\u001b[94m|\u001b[0m\n    \u001b[1m\u001b[94m= \u001b[0m\u001b[1mhelp\u001b[0m: the trait `Store<atrium_api::types::string::Did, atrium_oauth::store::session::Session>` \u001b[1m\u001b[35mis not\u001b[0m implemented for `RedisSessionStore`\n            but trait `Store<\u001b[1m\u001b[35matrium_api::types::string::Did\u001b[0m, atrium_oauth::store::session::Session>` \u001b[1m\u001b[35mis\u001b[0m implemented for it\n    \u001b[1m\u001b[94m= \u001b[0m\u001b[1mhelp\u001b[0m: for that trait implementation, expected `\u001b[1m\u001b[35matrium_api::types::string::Did\u001b[0m`, found `\u001b[1m\u001b[35matrium_api::types::string::Did\u001b[0m`\n    \u001b[1m\u001b[94m= \u001b[0m\u001b[1mnote\u001b[0m: the full name for the type has been written to '/Users/joshlacalamito/Developer/Catbird+Petrel/nest/catbird/target/debug/deps/catbird-61ad54cb3e9cb245.long-type-15512028975410710745.txt'\n    \u001b[1m\u001b[94m= \u001b[0m\u001b[1mnote\u001b[0m: consider using `--verbose` to print the full type name to the console\n\n"}
{"$message_type":"diagnostic","message":"type annotations needed","code":{"code":"E0282","explanation":"The compiler could not infer a type and asked for a type annotation.\n\nErroneous code example:\n\n```compile_fail,E0282\nlet x = Vec::new();\n```\n\nThis error indicates that type inference did not result in one unique possible\ntype, and extra information is required. In most cases this can be provided\nby adding a type annotation. Sometimes you need to specify a generic type\nparameter manually.\n\nIn the example above, type `Vec` has a type parameter `T`. When calling\n`Vec::new`, barring any other later usage of the variable `x` that allows the\ncompiler to infer what type `T` is, the compiler needs to be told what it is.\n\nThe type can be specified on the variable:\n\n```\nlet x: Vec<i32> = Vec::new();\n```\n\nThe type can also be specified in the path of the expression:\n\n```\nlet x = Vec::<i32>::new();\n```\n\nIn cases with more complex types, it is not necessary to annotate the full\ntype. Once the ambiguity is resolved, the compiler can infer the rest:\n\n```\nlet x: Vec<_> = \"hello\".chars().rev().collect();\n```\n\nAnother way to provide the compiler with enough information, is to specify the\ngeneric type parameter:\n\n```\nlet x = \"hello\".chars().rev().collect::<Vec<char>>();\n```\n\nAgain, you need not specify the full type if the compiler can infer it:\n\n```\nlet x = \"hello\".chars().rev().collect::<Vec<_>>();\n```\n\nApart from a method or function with a generic type parameter, this error can\noccur when a type parameter of a struct or trait cannot be inferred. In that\ncase it is not always possible to use a type annotation, because all candidates\nhave the same return type. For instance:\n\n```compile_fail,E0282\nstruct Foo<T> {\n    num: T,\n}\n\nimpl<T> Foo<T> {\n    fn bar() -> i32 {\n        0\n    }\n\n    fn baz() {\n        let number = Foo::bar();\n    }\n}\n```\n\nThis will fail because the compiler does not know which instance of `Foo` to\ncall `bar` on. Change `Foo::bar()` to `Foo::<T>::bar()` to resolve the error.\n"},"level":"error","spans":[{"file_name":"src/handlers/atproto.rs","byte_start":1784,"byte_end":1842,"line_start":58,"line_end":58,"column_start":20,"column_end":78,"is_primary":true,"text":[{"text":"    let auth_url = oauth_client.authorize(&request.identifier, options).await","highlight_start":20,"highlight_end":78}],"label":"cannot infer type","suggested_replacement":null,"suggestion_applicability":null,"expansion":null}],"children":[],"rendered":"\u001b[1m\u001b[91merror[E0282]\u001b[0m\u001b[1m: type annotations needed\u001b[0m\n  \u001b[1m\u001b[94m--> \u001b[0msrc/handlers/atproto.rs:58:20\n   \u001b[1m\u001b[94m|\u001b[0m\n\u001b[1m\u001b[94m58\u001b[0m \u001b[1m\u001b[94m|\u001b[0m     let auth_url = oauth_client.authorize(&request.identifier, options).await\n   \u001b[1m\u001b[94m|\u001b[0m                    \u001b[1m\u001b[91m^^^^^^^^^^^^^^^^^^^^^^^^^^^^^^^^^^^^^^^^^^^^^^^^^^^^^^^^^^\u001b[0m \u001b[1m\u001b[91mcannot infer type\u001b[0m\n\n"}
{"$message_type":"diagnostic","message":"type annotations needed","code":{"code":"E0282","explanation":"The compiler could not infer a type and asked for a type annotation.\n\nErroneous code example:\n\n```compile_fail,E0282\nlet x = Vec::new();\n```\n\nThis error indicates that type inference did not result in one unique possible\ntype, and extra information is required. In most cases this can be provided\nby adding a type annotation. Sometimes you need to specify a generic type\nparameter manually.\n\nIn the example above, type `Vec` has a type parameter `T`. When calling\n`Vec::new`, barring any other later usage of the variable `x` that allows the\ncompiler to infer what type `T` is, the compiler needs to be told what it is.\n\nThe type can be specified on the variable:\n\n```\nlet x: Vec<i32> = Vec::new();\n```\n\nThe type can also be specified in the path of the expression:\n\n```\nlet x = Vec::<i32>::new();\n```\n\nIn cases with more complex types, it is not necessary to annotate the full\ntype. Once the ambiguity is resolved, the compiler can infer the rest:\n\n```\nlet x: Vec<_> = \"hello\".chars().rev().collect();\n```\n\nAnother way to provide the compiler with enough information, is to specify the\ngeneric type parameter:\n\n```\nlet x = \"hello\".chars().rev().collect::<Vec<char>>();\n```\n\nAgain, you need not specify the full type if the compiler can infer it:\n\n```\nlet x = \"hello\".chars().rev().collect::<Vec<_>>();\n```\n\nApart from a method or function with a generic type parameter, this error can\noccur when a type parameter of a struct or trait cannot be inferred. In that\ncase it is not always possible to use a type annotation, because all candidates\nhave the same return type. For instance:\n\n```compile_fail,E0282\nstruct Foo<T> {\n    num: T,\n}\n\nimpl<T> Foo<T> {\n    fn bar() -> i32 {\n        0\n    }\n\n    fn baz() {\n        let number = Foo::bar();\n    }\n}\n```\n\nThis will fail because the compiler does not know which instance of `Foo` to\ncall `bar` on. Change `Foo::bar()` to `Foo::<T>::bar()` to resolve the error.\n"},"level":"error","spans":[{"file_name":"src/handlers/atproto.rs","byte_start":2660,"byte_end":2695,"line_start":87,"line_end":87,"column_start":39,"column_end":74,"is_primary":true,"text":[{"text":"    let (oauth_session, _app_state) = oauth_client.callback(params).await","highlight_start":39,"highlight_end":74}],"label":"cannot infer type","suggested_replacement":null,"suggestion_applicability":null,"expansion":null}],"children":[],"rendered":"\u001b[1m\u001b[91merror[E0282]\u001b[0m\u001b[1m: type annotations needed\u001b[0m\n  \u001b[1m\u001b[94m--> \u001b[0msrc/handlers/atproto.rs:87:39\n   \u001b[1m\u001b[94m|\u001b[0m\n\u001b[1m\u001b[94m87\u001b[0m \u001b[1m\u001b[94m|\u001b[0m     let (oauth_session, _app_state) = oauth_client.callback(params).await\n   \u001b[1m\u001b[94m|\u001b[0m                                       \u001b[1m\u001b[91m^^^^^^^^^^^^^^^^^^^^^^^^^^^^^^^^^^^\u001b[0m \u001b[1m\u001b[91mcannot infer type\u001b[0m\n\n"}
{"$message_type":"diagnostic","message":"type annotations needed","code":{"code":"E0282","explanation":"The compiler could not infer a type and asked for a type annotation.\n\nErroneous code example:\n\n```compile_fail,E0282\nlet x = Vec::new();\n```\n\nThis error indicates that type inference did not result in one unique possible\ntype, and extra information is required. In most cases this can be provided\nby adding a type annotation. Sometimes you need to specify a generic type\nparameter manually.\n\nIn the example above, type `Vec` has a type parameter `T`. When calling\n`Vec::new`, barring any other later usage of the variable `x` that allows the\ncompiler to infer what type `T` is, the compiler needs to be told what it is.\n\nThe type can be specified on the variable:\n\n```\nlet x: Vec<i32> = Vec::new();\n```\n\nThe type can also be specified in the path of the expression:\n\n```\nlet x = Vec::<i32>::new();\n```\n\nIn cases with more complex types, it is not necessary to annotate the full\ntype. Once the ambiguity is resolved, the compiler can infer the rest:\n\n```\nlet x: Vec<_> = \"hello\".chars().rev().collect();\n```\n\nAnother way to provide the compiler with enough information, is to specify the\ngeneric type parameter:\n\n```\nlet x = \"hello\".chars().rev().collect::<Vec<char>>();\n```\n\nAgain, you need not specify the full type if the compiler can infer it:\n\n```\nlet x = \"hello\".chars().rev().collect::<Vec<_>>();\n```\n\nApart from a method or function with a generic type parameter, this error can\noccur when a type parameter of a struct or trait cannot be inferred. In that\ncase it is not always possible to use a type annotation, because all candidates\nhave the same return type. For instance:\n\n```compile_fail,E0282\nstruct Foo<T> {\n    num: T,\n}\n\nimpl<T> Foo<T> {\n    fn bar() -> i32 {\n        0\n    }\n\n    fn baz() {\n        let number = Foo::bar();\n    }\n}\n```\n\nThis will fail because the compiler does not know which instance of `Foo` to\ncall `bar` on. Change `Foo::bar()` to `Foo::<T>::bar()` to resolve the error.\n"},"level":"error","spans":[{"file_name":"src/handlers/atproto.rs","byte_start":2915,"byte_end":2928,"line_start":92,"line_end":92,"column_start":15,"column_end":28,"is_primary":true,"text":[{"text":"    let did = oauth_session.sub().to_string();","highlight_start":15,"highlight_end":28}],"label":"cannot infer type","suggested_replacement":null,"suggestion_applicability":null,"expansion":null}],"children":[],"rendered":"\u001b[1m\u001b[91merror[E0282]\u001b[0m\u001b[1m: type annotations needed\u001b[0m\n  \u001b[1m\u001b[94m--> \u001b[0msrc/handlers/atproto.rs:92:15\n   \u001b[1m\u001b[94m|\u001b[0m\n\u001b[1m\u001b[94m92\u001b[0m \u001b[1m\u001b[94m|\u001b[0m     let did = oauth_session.sub().to_string();\n   \u001b[1m\u001b[94m|\u001b[0m               \u001b[1m\u001b[91m^^^^^^^^^^^^^\u001b[0m \u001b[1m\u001b[91mcannot infer type\u001b[0m\n\n"}
{"$message_type":"diagnostic","message":"no method named `to_lowercase` found for reference `&HeaderName` in the current scope","code":{"code":"E0599","explanation":"This error occurs when a method is used on a type which doesn't implement it:\n\nErroneous code example:\n\n```compile_fail,E0599\nstruct Mouth;\n\nlet x = Mouth;\nx.chocolate(); // error: no method named `chocolate` found for type `Mouth`\n               //        in the current scope\n```\n\nIn this case, you need to implement the `chocolate` method to fix the error:\n\n```\nstruct Mouth;\n\nimpl Mouth {\n    fn chocolate(&self) { // We implement the `chocolate` method here.\n        println!(\"Hmmm! I love chocolate!\");\n    }\n}\n\nlet x = Mouth;\nx.chocolate(); // ok!\n```\n"},"level":"error","spans":[{"file_name":"src/handlers/atproto.rs","byte_start":6737,"byte_end":6749,"line_start":210,"line_end":210,"column_start":26,"column_end":38,"is_primary":true,"text":[{"text":"        if matches!(name.to_lowercase().as_str(), \"content-type\" | \"content-length\" | \"cache-control\" | \"etag\" | \"last-modified\") {","highlight_start":26,"highlight_end":38}],"label":"method not found in `&HeaderName`","suggested_replacement":null,"suggestion_applicability":null,"expansion":null}],"children":[],"rendered":"\u001b[1m\u001b[91merror[E0599]\u001b[0m\u001b[1m: no method named `to_lowercase` found for reference `&HeaderName` in the current scope\u001b[0m\n   \u001b[1m\u001b[94m--> \u001b[0msrc/handlers/atproto.rs:210:26\n    \u001b[1m\u001b[94m|\u001b[0m\n\u001b[1m\u001b[94m210\u001b[0m \u001b[1m\u001b[94m|\u001b[0m         if matches!(name.to_lowercase().as_str(), \"content-type\" | \"content-length\" | \"cache-control\" | \"etag\" | \"last-modified\") {\n    \u001b[1m\u001b[94m|\u001b[0m                          \u001b[1m\u001b[91m^^^^^^^^^^^^\u001b[0m \u001b[1m\u001b[91mmethod not found in `&HeaderName`\u001b[0m\n\n"}
{"$message_type":"diagnostic","message":"the trait bound `RedisSessionStore: Store<Did, Session>` is not satisfied","code":{"code":"E0277","explanation":"You tried to use a type which doesn't implement some trait in a place which\nexpected that trait.\n\nErroneous code example:\n\n```compile_fail,E0277\n// here we declare the Foo trait with a bar method\ntrait Foo {\n    fn bar(&self);\n}\n\n// we now declare a function which takes an object implementing the Foo trait\nfn some_func<T: Foo>(foo: T) {\n    foo.bar();\n}\n\nfn main() {\n    // we now call the method with the i32 type, which doesn't implement\n    // the Foo trait\n    some_func(5i32); // error: the trait bound `i32 : Foo` is not satisfied\n}\n```\n\nIn order to fix this error, verify that the type you're using does implement\nthe trait. Example:\n\n```\ntrait Foo {\n    fn bar(&self);\n}\n\n// we implement the trait on the i32 type\nimpl Foo for i32 {\n    fn bar(&self) {}\n}\n\nfn some_func<T: Foo>(foo: T) {\n    foo.bar(); // we can now use this method since i32 implements the\n               // Foo trait\n}\n\nfn main() {\n    some_func(5i32); // ok!\n}\n```\n\nOr in a generic context, an erroneous code example would look like:\n\n```compile_fail,E0277\nfn some_func<T>(foo: T) {\n    println!(\"{:?}\", foo); // error: the trait `core::fmt::Debug` is not\n                           //        implemented for the type `T`\n}\n\nfn main() {\n    // We now call the method with the i32 type,\n    // which *does* implement the Debug trait.\n    some_func(5i32);\n}\n```\n\nNote that the error here is in the definition of the generic function. Although\nwe only call it with a parameter that does implement `Debug`, the compiler\nstill rejects the function. It must work with all possible input types. In\norder to make this example compile, we need to restrict the generic type we're\naccepting:\n\n```\nuse std::fmt;\n\n// Restrict the input type to types that implement Debug.\nfn some_func<T: fmt::Debug>(foo: T) {\n    println!(\"{:?}\", foo);\n}\n\nfn main() {\n    // Calling the method is still fine, as i32 implements Debug.\n    some_func(5i32);\n\n    // This would fail to compile now:\n    // struct WithoutDebug;\n    // some_func(WithoutDebug);\n}\n```\n\nRust only looks at the signature of the called function, as such it must\nalready specify all requirements that will be used for every type parameter.\n"},"level":"error","spans":[{"file_name":"src/config/mod.rs","byte_start":3587,"byte_end":3653,"line_start":126,"line_end":126,"column_start":5,"column_end":71,"is_primary":true,"text":[{"text":"    pub oauth_client: Option<Arc<crate::services::CatbirdOAuthClient>>,","highlight_start":5,"highlight_end":71}],"label":"unsatisfied trait bound","suggested_replacement":null,"suggestion_applicability":null,"expansion":{"span":{"file_name":"src/config/mod.rs","byte_start":3437,"byte_end":3442,"line_start":121,"line_end":121,"column_start":10,"column_end":15,"is_primary":false,"text":[{"text":"#[derive(Clone)]","highlight_start":10,"highlight_end":15}],"label":null,"suggested_replacement":null,"suggestion_applicability":null,"expansion":null},"macro_decl_name":"#[derive(Clone)]","def_site_span":{"file_name":"/Users/joshlacalamito/.rustup/toolchains/stable-aarch64-apple-darwin/lib/rustlib/src/rust/library/core/src/clone.rs","byte_start":9498,"byte_end":9513,"line_start":257,"line_end":257,"column_start":1,"column_end":16,"is_primary":false,"text":[{"text":"pub macro Clone($item:item) {","highlight_start":1,"highlight_end":16}],"label":null,"suggested_replacement":null,"suggestion_applicability":null,"expansion":null}}}],"children":[{"message":"the trait `Store<atrium_api::types::string::Did, atrium_oauth::store::session::Session>` is not implemented for `RedisSessionStore`\nbut trait `Store<atrium_api::types::string::Did, atrium_oauth::store::session::Session>` is implemented for it","code":null,"level":"help","spans":[],"children":[],"rendered":null},{"message":"for that trait implementation, expected `atrium_api::types::string::Did`, found `atrium_api::types::string::Did`","code":null,"level":"help","spans":[],"children":[],"rendered":null},{"message":"the full name for the type has been written to '/Users/joshlacalamito/Developer/Catbird+Petrel/nest/catbird/target/debug/deps/catbird-61ad54cb3e9cb245.long-type-15512028975410710745.txt'","code":null,"level":"note","spans":[],"children":[],"rendered":null},{"message":"consider using `--verbose` to print the full type name to the console","code":null,"level":"note","spans":[],"children":[],"rendered":null}],"rendered":"\u001b[1m\u001b[91merror[E0277]\u001b[0m\u001b[1m: the trait bound `RedisSessionStore: Store<Did, Session>` is not satisfied\u001b[0m\n   \u001b[1m\u001b[94m--> \u001b[0msrc/config/mod.rs:126:5\n    \u001b[1m\u001b[94m|\u001b[0m\n\u001b[1m\u001b[94m121\u001b[0m \u001b[1m\u001b[94m|\u001b[0m #[derive(Clone)]\n    \u001b[1m\u001b[94m|\u001b[0m          \u001b[1m\u001b[94m-----\u001b[0m \u001b[1m\u001b[94min this derive macro expansion\u001b[0m\n\u001b[1m\u001b[94m...\u001b[0m\n\u001b[1m\u001b[94m126\u001b[0m \u001b[1m\u001b[94m|\u001b[0m     pub oauth_client: Option<Arc<crate::services::CatbirdOAuthClient>>,\n    \u001b[1m\u001b[94m|\u001b[0m     \u001b[1m\u001b[91m^^^^^^^^^^^^^^^^^^^^^^^^^^^^^^^^^^^^^^^^^^^^^^^^^^^^^^^^^^^^^^^^^^\u001b[0m \u001b[1m\u001b[91munsatisfied trait bound\u001b[0m\n    \u001b[1m\u001b[94m|\u001b[0m\n    \u001b[1m\u001b[94m= \u001b[0m\u001b[1mhelp\u001b[0m: the trait `Store<atrium_api::types::string::Did, atrium_oauth::store::session::Session>` \u001b[1m\u001b[35mis not\u001b[0m implemented for `RedisSessionStore`\n            but trait `Store<\u001b[1m\u001b[35matrium_api::types::string::Did\u001b[0m, atrium_oauth::store::session::Session>` \u001b[1m\u001b[35mis\u001b[0m implemented for it\n    \u001b[1m\u001b[94m= \u001b[0m\u001b[1mhelp\u001b[0m: for that trait implementation, expected `\u001b[1m\u001b[35matrium_api::types::string::Did\u001b[0m`, found `\u001b[1m\u001b[35matrium_api::types::string::Did\u001b[0m`\n    \u001b[1m\u001b[94m= \u001b[0m\u001b[1mnote\u001b[0m: the full name for the type has been written to '/Users/joshlacalamito/Developer/Catbird+Petrel/nest/catbird/target/debug/deps/catbird-61ad54cb3e9cb245.long-type-15512028975410710745.txt'\n    \u001b[1m\u001b[94m= \u001b[0m\u001b[1mnote\u001b[0m: consider using `--verbose` to print the full type name to the console\n\n"}
{"$message_type":"diagnostic","message":"struct `AtprotoClientMetadata` has no field named `scope`","code":{"code":"E0560","explanation":"An unknown field was specified into a structure.\n\nErroneous code example:\n\n```compile_fail,E0560\nstruct Simba {\n    mother: u32,\n}\n\nlet s = Simba { mother: 1, father: 0 };\n// error: structure `Simba` has no field named `father`\n```\n\nVerify you didn't misspell the field's name or that the field exists. Example:\n\n```\nstruct Simba {\n    mother: u32,\n    father: u32,\n}\n\nlet s = Simba { mother: 1, father: 0 }; // ok!\n```\n"},"level":"error","spans":[{"file_name":"src/services/oauth.rs","byte_start":5458,"byte_end":5463,"line_start":163,"line_end":163,"column_start":9,"column_end":14,"is_primary":true,"text":[{"text":"        scope: Some(state.config.oauth.scopes.join(\" \")),","highlight_start":9,"highlight_end":14}],"label":"unknown field","suggested_replacement":null,"suggestion_applicability":null,"expansion":null}],"children":[{"message":"a field with a similar name exists","code":null,"level":"help","spans":[{"file_name":"src/services/oauth.rs","byte_start":5458,"byte_end":5463,"line_start":163,"line_end":163,"column_start":9,"column_end":14,"is_primary":true,"text":[{"text":"        scope: Some(state.config.oauth.scopes.join(\" \")),","highlight_start":9,"highlight_end":14}],"label":null,"suggested_replacement":"scopes","suggestion_applicability":"MaybeIncorrect","expansion":null}],"children":[],"rendered":null}],"rendered":"\u001b[1m\u001b[91merror[E0560]\u001b[0m\u001b[1m: struct `AtprotoClientMetadata` has no field named `scope`\u001b[0m\n   \u001b[1m\u001b[94m--> \u001b[0msrc/services/oauth.rs:163:9\n    \u001b[1m\u001b[94m|\u001b[0m\n\u001b[1m\u001b[94m163\u001b[0m \u001b[1m\u001b[94m|\u001b[0m         scope: Some(state.config.oauth.scopes.join(\" \")),\n    \u001b[1m\u001b[94m|\u001b[0m         \u001b[1m\u001b[91m^^^^^\u001b[0m \u001b[1m\u001b[91munknown field\u001b[0m\n    \u001b[1m\u001b[94m|\u001b[0m\n\u001b[1m\u001b[96mhelp\u001b[0m: a field with a similar name exists\n    \u001b[1m\u001b[94m|\u001b[0m\n\u001b[1m\u001b[94m163\u001b[0m \u001b[1m\u001b[94m| \u001b[0m        scope\u001b[92ms\u001b[0m: Some(state.config.oauth.scopes.join(\" \")),\n    \u001b[1m\u001b[94m|\u001b[0m              \u001b[92m+\u001b[0m\n\n"}
{"$message_type":"diagnostic","message":"mismatched types","code":{"code":"E0308","explanation":"Expected type did not match the received type.\n\nErroneous code examples:\n\n```compile_fail,E0308\nfn plus_one(x: i32) -> i32 {\n    x + 1\n}\n\nplus_one(\"Not a number\");\n//       ^^^^^^^^^^^^^^ expected `i32`, found `&str`\n\nif \"Not a bool\" {\n// ^^^^^^^^^^^^ expected `bool`, found `&str`\n}\n\nlet x: f32 = \"Not a float\";\n//     ---   ^^^^^^^^^^^^^ expected `f32`, found `&str`\n//     |\n//     expected due to this\n```\n\nThis error occurs when an expression was used in a place where the compiler\nexpected an expression of a different type. It can occur in several cases, the\nmost common being when calling a function and passing an argument which has a\ndifferent type than the matching type in the function declaration.\n"},"level":"error","spans":[{"file_name":"src/services/oauth.rs","byte_start":5529,"byte_end":5592,"line_start":164,"line_end":164,"column_start":22,"column_end":85,"is_primary":true,"text":[{"text":"        grant_types: Some(vec![\"authorization_code\".into(), \"refresh_token\".into()]),","highlight_start":22,"highlight_end":85}],"label":"expected `Vec<GrantType>`, found `Option<Vec<_>>`","suggested_replacement":null,"suggestion_applicability":null,"expansion":null}],"children":[{"message":"expected struct `Vec<GrantType>`\n     found enum `std::option::Option<Vec<_>>`","code":null,"level":"note","spans":[],"children":[],"rendered":null}],"rendered":"\u001b[1m\u001b[91merror[E0308]\u001b[0m\u001b[1m: mismatched types\u001b[0m\n   \u001b[1m\u001b[94m--> \u001b[0msrc/services/oauth.rs:164:22\n    \u001b[1m\u001b[94m|\u001b[0m\n\u001b[1m\u001b[94m164\u001b[0m \u001b[1m\u001b[94m|\u001b[0m         grant_types: Some(vec![\"authorization_code\".into(), \"refresh_token\".into()]),\n    \u001b[1m\u001b[94m|\u001b[0m                      \u001b[1m\u001b[91m^^^^^^^^^^^^^^^^^^^^^^^^^^^^^^^^^^^^^^^^^^^^^^^^^^^^^^^^^^^^^^^\u001b[0m \u001b[1m\u001b[91mexpected `Vec<GrantType>`, found `Option<Vec<_>>`\u001b[0m\n    \u001b[1m\u001b[94m|\u001b[0m\n    \u001b[1m\u001b[94m= \u001b[0m\u001b[1mnote\u001b[0m: expected struct `Vec<\u001b[1m\u001b[35mGrantType\u001b[0m>`\n                 found enum `\u001b[1m\u001b[35mstd::option::Option<\u001b[0mVec<\u001b[1m\u001b[35m_\u001b[0m>\u001b[1m\u001b[35m>\u001b[0m`\n\n"}
{"$message_type":"diagnostic","message":"mismatched types","code":{"code":"E0308","explanation":"Expected type did not match the received type.\n\nErroneous code examples:\n\n```compile_fail,E0308\nfn plus_one(x: i32) -> i32 {\n    x + 1\n}\n\nplus_one(\"Not a number\");\n//       ^^^^^^^^^^^^^^ expected `i32`, found `&str`\n\nif \"Not a bool\" {\n// ^^^^^^^^^^^^ expected `bool`, found `&str`\n}\n\nlet x: f32 = \"Not a float\";\n//     ---   ^^^^^^^^^^^^^ expected `f32`, found `&str`\n//     |\n//     expected due to this\n```\n\nThis error occurs when an expression was used in a place where the compiler\nexpected an expression of a different type. It can occur in several cases, the\nmost common being when calling a function and passing an argument which has a\ndifferent type than the matching type in the function declaration.\n"},"level":"error","spans":[{"file_name":"src/services/oauth.rs","byte_start":5630,"byte_end":5660,"line_start":165,"line_end":165,"column_start":37,"column_end":67,"is_primary":true,"text":[{"text":"        token_endpoint_auth_method: Some(\"private_key_jwt\".into()),","highlight_start":37,"highlight_end":67}],"label":"expected `AuthMethod`, found `Option<_>`","suggested_replacement":null,"suggestion_applicability":null,"expansion":null}],"children":[{"message":"expected enum `AuthMethod`\n   found enum `std::option::Option<_>`","code":null,"level":"note","spans":[],"children":[],"rendered":null}],"rendered":"\u001b[1m\u001b[91merror[E0308]\u001b[0m\u001b[1m: mismatched types\u001b[0m\n   \u001b[1m\u001b[94m--> \u001b[0msrc/services/oauth.rs:165:37\n    \u001b[1m\u001b[94m|\u001b[0m\n\u001b[1m\u001b[94m165\u001b[0m \u001b[1m\u001b[94m|\u001b[0m         token_endpoint_auth_method: Some(\"private_key_jwt\".into()),\n    \u001b[1m\u001b[94m|\u001b[0m                                     \u001b[1m\u001b[91m^^^^^^^^^^^^^^^^^^^^^^^^^^^^^^\u001b[0m \u001b[1m\u001b[91mexpected `AuthMethod`, found `Option<_>`\u001b[0m\n    \u001b[1m\u001b[94m|\u001b[0m\n    \u001b[1m\u001b[94m= \u001b[0m\u001b[1mnote\u001b[0m: expected enum `\u001b[1m\u001b[35mAuthMethod\u001b[0m`\n               found enum `\u001b[1m\u001b[35mstd::option::Option<_>\u001b[0m`\n\n"}
{"$message_type":"diagnostic","message":"struct `AtprotoClientMetadata` has no field named `dpop_bound_access_tokens`","code":{"code":"E0560","explanation":"An unknown field was specified into a structure.\n\nErroneous code example:\n\n```compile_fail,E0560\nstruct Simba {\n    mother: u32,\n}\n\nlet s = Simba { mother: 1, father: 0 };\n// error: structure `Simba` has no field named `father`\n```\n\nVerify you didn't misspell the field's name or that the field exists. Example:\n\n```\nstruct Simba {\n    mother: u32,\n    father: u32,\n}\n\nlet s = Simba { mother: 1, father: 0 }; // ok!\n```\n"},"level":"error","spans":[{"file_name":"src/services/oauth.rs","byte_start":5670,"byte_end":5694,"line_start":166,"line_end":166,"column_start":9,"column_end":33,"is_primary":true,"text":[{"text":"        dpop_bound_access_tokens: Some(true),","highlight_start":9,"highlight_end":33}],"label":"`AtprotoClientMetadata` does not have this field","suggested_replacement":null,"suggestion_applicability":null,"expansion":null}],"children":[{"message":"available fields are: `scopes`, `jwks_uri`, `token_endpoint_auth_signing_alg`","code":null,"level":"note","spans":[],"children":[],"rendered":null}],"rendered":"\u001b[1m\u001b[91merror[E0560]\u001b[0m\u001b[1m: struct `AtprotoClientMetadata` has no field named `dpop_bound_access_tokens`\u001b[0m\n   \u001b[1m\u001b[94m--> \u001b[0msrc/services/oauth.rs:166:9\n    \u001b[1m\u001b[94m|\u001b[0m\n\u001b[1m\u001b[94m166\u001b[0m \u001b[1m\u001b[94m|\u001b[0m         dpop_bound_access_tokens: Some(true),\n    \u001b[1m\u001b[94m|\u001b[0m         \u001b[1m\u001b[91m^^^^^^^^^^^^^^^^^^^^^^^^\u001b[0m \u001b[1m\u001b[91m`AtprotoClientMetadata` does not have this field\u001b[0m\n    \u001b[1m\u001b[94m|\u001b[0m\n    \u001b[1m\u001b[94m= \u001b[0m\u001b[1mnote\u001b[0m: available fields are: `scopes`, `jwks_uri`, `token_endpoint_auth_signing_alg`\n\n"}
{"$message_type":"diagnostic","message":"no function or associated item named `default` found for struct `CommonDidResolver<T>` in the current scope","code":{"code":"E0599","explanation":"This error occurs when a method is used on a type which doesn't implement it:\n\nErroneous code example:\n\n```compile_fail,E0599\nstruct Mouth;\n\nlet x = Mouth;\nx.chocolate(); // error: no method named `chocolate` found for type `Mouth`\n               //        in the current scope\n```\n\nIn this case, you need to implement the `chocolate` method to fix the error:\n\n```\nstruct Mouth;\n\nimpl Mouth {\n    fn chocolate(&self) { // We implement the `chocolate` method here.\n        println!(\"Hmmm! I love chocolate!\");\n    }\n}\n\nlet x = Mouth;\nx.chocolate(); // ok!\n```\n"},"level":"error","spans":[{"file_name":"src/services/oauth.rs","byte_start":5999,"byte_end":6006,"line_start":175,"line_end":175,"column_start":42,"column_end":49,"is_primary":true,"text":[{"text":"        did_resolver: CommonDidResolver::default(),","highlight_start":42,"highlight_end":49}],"label":"function or associated item not found in `CommonDidResolver<_>`","suggested_replacement":null,"suggestion_applicability":null,"expansion":null}],"children":[{"message":"if you're trying to build a new `CommonDidResolver<_>`, consider using `CommonDidResolver::<T>::new` which returns `CommonDidResolver<_>`","code":null,"level":"note","spans":[{"file_name":"/Users/joshlacalamito/.cargo/registry/src/index.crates.io-1949cf8c6b5b557f/atrium-identity-0.1.8/src/did/common_resolver.rs","byte_start":630,"byte_end":684,"line_start":24,"line_end":24,"column_start":5,"column_end":59,"is_primary":true,"text":[{"text":"    pub fn new(config: CommonDidResolverConfig<T>) -> Self {","highlight_start":5,"highlight_end":59}],"label":null,"suggested_replacement":null,"suggestion_applicability":null,"expansion":null}],"children":[],"rendered":null}],"rendered":"\u001b[1m\u001b[91merror[E0599]\u001b[0m\u001b[1m: no function or associated item named `default` found for struct `CommonDidResolver<T>` in the current scope\u001b[0m\n   \u001b[1m\u001b[94m--> \u001b[0msrc/services/oauth.rs:175:42\n    \u001b[1m\u001b[94m|\u001b[0m\n\u001b[1m\u001b[94m175\u001b[0m \u001b[1m\u001b[94m|\u001b[0m         did_resolver: CommonDidResolver::default(),\n    \u001b[1m\u001b[94m|\u001b[0m                                          \u001b[1m\u001b[91m^^^^^^^\u001b[0m \u001b[1m\u001b[91mfunction or associated item not found in `CommonDidResolver<_>`\u001b[0m\n    \u001b[1m\u001b[94m|\u001b[0m\n\u001b[1m\u001b[92mnote\u001b[0m: if you're trying to build a new `CommonDidResolver<_>`, consider using `CommonDidResolver::<T>::new` which returns `CommonDidResolver<_>`\n   \u001b[1m\u001b[94m--> \u001b[0m/Users/joshlacalamito/.cargo/registry/src/index.crates.io-1949cf8c6b5b557f/atrium-identity-0.1.8/src/did/common_resolver.rs:24:5\n    \u001b[1m\u001b[94m|\u001b[0m\n \u001b[1m\u001b[94m24\u001b[0m \u001b[1m\u001b[94m|\u001b[0m     pub fn new(config: CommonDidResolverConfig<T>) -> Self {\n    \u001b[1m\u001b[94m|\u001b[0m     \u001b[1m\u001b[92m^^^^^^^^^^^^^^^^^^^^^^^^^^^^^^^^^^^^^^^^^^^^^^^^^^^^^^\u001b[0m\n\n"}
{"$message_type":"diagnostic","message":"failed to resolve: use of undeclared type `DnsTxtHandleResolver`","code":{"code":"E0433","explanation":"An undeclared crate, module, or type was used.\n\nErroneous code example:\n\n```compile_fail,E0433\nlet map = HashMap::new();\n// error: failed to resolve: use of undeclared type `HashMap`\n```\n\nPlease verify you didn't misspell the type/module's name or that you didn't\nforget to import it:\n\n```\nuse std::collections::HashMap; // HashMap has been imported.\nlet map: HashMap<u32, u32> = HashMap::new(); // So it can be used!\n```\n\nIf you've expected to use a crate name:\n\n```compile_fail\nuse ferris_wheel::BigO;\n// error: failed to resolve: use of undeclared module or unlinked crate\n```\n\nMake sure the crate has been added as a dependency in `Cargo.toml`.\n\nTo use a module from your current crate, add the `crate::` prefix to the path.\n"},"level":"error","spans":[{"file_name":"src/services/oauth.rs","byte_start":6035,"byte_end":6055,"line_start":176,"line_end":176,"column_start":26,"column_end":46,"is_primary":true,"text":[{"text":"        handle_resolver: DnsTxtHandleResolver::default(),","highlight_start":26,"highlight_end":46}],"label":"use of undeclared type `DnsTxtHandleResolver`","suggested_replacement":null,"suggestion_applicability":null,"expansion":null}],"children":[{"message":"a struct with a similar name exists","code":null,"level":"help","spans":[{"file_name":"src/services/oauth.rs","byte_start":6035,"byte_end":6055,"line_start":176,"line_end":176,"column_start":26,"column_end":46,"is_primary":true,"text":[{"text":"        handle_resolver: DnsTxtHandleResolver::default(),","highlight_start":26,"highlight_end":46}],"label":null,"suggested_replacement":"AtprotoHandleResolver","suggestion_applicability":"MaybeIncorrect","expansion":null}],"children":[],"rendered":null}],"rendered":"\u001b[1m\u001b[91merror[E0433]\u001b[0m\u001b[1m: failed to resolve: use of undeclared type `DnsTxtHandleResolver`\u001b[0m\n   \u001b[1m\u001b[94m--> \u001b[0msrc/services/oauth.rs:176:26\n    \u001b[1m\u001b[94m|\u001b[0m\n\u001b[1m\u001b[94m176\u001b[0m \u001b[1m\u001b[94m|\u001b[0m         handle_resolver: DnsTxtHandleResolver::default(),\n    \u001b[1m\u001b[94m|\u001b[0m                          \u001b[1m\u001b[91m^^^^^^^^^^^^^^^^^^^^\u001b[0m\n    \u001b[1m\u001b[94m|\u001b[0m                          \u001b[1m\u001b[91m|\u001b[0m\n    \u001b[1m\u001b[94m|\u001b[0m                          \u001b[1m\u001b[91muse of undeclared type `DnsTxtHandleResolver`\u001b[0m\n    \u001b[1m\u001b[94m|\u001b[0m                          \u001b[1m\u001b[91mhelp: a struct with a similar name exists: `AtprotoHandleResolver`\u001b[0m\n\n"}
{"$message_type":"diagnostic","message":"the trait bound `RedisSessionStore: Store<Did, Session>` is not satisfied","code":{"code":"E0277","explanation":"You tried to use a type which doesn't implement some trait in a place which\nexpected that trait.\n\nErroneous code example:\n\n```compile_fail,E0277\n// here we declare the Foo trait with a bar method\ntrait Foo {\n    fn bar(&self);\n}\n\n// we now declare a function which takes an object implementing the Foo trait\nfn some_func<T: Foo>(foo: T) {\n    foo.bar();\n}\n\nfn main() {\n    // we now call the method with the i32 type, which doesn't implement\n    // the Foo trait\n    some_func(5i32); // error: the trait bound `i32 : Foo` is not satisfied\n}\n```\n\nIn order to fix this error, verify that the type you're using does implement\nthe trait. Example:\n\n```\ntrait Foo {\n    fn bar(&self);\n}\n\n// we implement the trait on the i32 type\nimpl Foo for i32 {\n    fn bar(&self) {}\n}\n\nfn some_func<T: Foo>(foo: T) {\n    foo.bar(); // we can now use this method since i32 implements the\n               // Foo trait\n}\n\nfn main() {\n    some_func(5i32); // ok!\n}\n```\n\nOr in a generic context, an erroneous code example would look like:\n\n```compile_fail,E0277\nfn some_func<T>(foo: T) {\n    println!(\"{:?}\", foo); // error: the trait `core::fmt::Debug` is not\n                           //        implemented for the type `T`\n}\n\nfn main() {\n    // We now call the method with the i32 type,\n    // which *does* implement the Debug trait.\n    some_func(5i32);\n}\n```\n\nNote that the error here is in the definition of the generic function. Although\nwe only call it with a parameter that does implement `Debug`, the compiler\nstill rejects the function. It must work with all possible input types. In\norder to make this example compile, we need to restrict the generic type we're\naccepting:\n\n```\nuse std::fmt;\n\n// Restrict the input type to types that implement Debug.\nfn some_func<T: fmt::Debug>(foo: T) {\n    println!(\"{:?}\", foo);\n}\n\nfn main() {\n    // Calling the method is still fine, as i32 implements Debug.\n    some_func(5i32);\n\n    // This would fail to compile now:\n    // struct WithoutDebug;\n    // some_func(WithoutDebug);\n}\n```\n\nRust only looks at the signature of the called function, as such it must\nalready specify all requirements that will be used for every type parameter.\n"},"level":"error","spans":[{"file_name":"src/services/oauth.rs","byte_start":6359,"byte_end":6370,"line_start":189,"line_end":189,"column_start":5,"column_end":16,"is_primary":true,"text":[{"text":"    OAuthClient::new(config).map_err(|e| AppError::OAuth(format!(\"Failed to create OAuthClient: {}\", e)))","highlight_start":5,"highlight_end":16}],"label":"unsatisfied trait bound","suggested_replacement":null,"suggestion_applicability":null,"expansion":null}],"children":[{"message":"the trait `Store<atrium_api::types::string::Did, atrium_oauth::store::session::Session>` is not implemented for `RedisSessionStore`\nbut trait `Store<atrium_api::types::string::Did, atrium_oauth::store::session::Session>` is implemented for it","code":null,"level":"help","spans":[],"children":[],"rendered":null},{"message":"for that trait implementation, expected `atrium_api::types::string::Did`, found `atrium_api::types::string::Did`","code":null,"level":"help","spans":[],"children":[],"rendered":null},{"message":"the full name for the type has been written to '/Users/joshlacalamito/Developer/Catbird+Petrel/nest/catbird/target/debug/deps/catbird-61ad54cb3e9cb245.long-type-15512028975410710745.txt'","code":null,"level":"note","spans":[],"children":[],"rendered":null},{"message":"consider using `--verbose` to print the full type name to the console","code":null,"level":"note","spans":[],"children":[],"rendered":null}],"rendered":"\u001b[1m\u001b[91merror[E0277]\u001b[0m\u001b[1m: the trait bound `RedisSessionStore: Store<Did, Session>` is not satisfied\u001b[0m\n   \u001b[1m\u001b[94m--> \u001b[0msrc/services/oauth.rs:189:5\n    \u001b[1m\u001b[94m|\u001b[0m\n\u001b[1m\u001b[94m189\u001b[0m \u001b[1m\u001b[94m|\u001b[0m     OAuthClient::new(config).map_err(|e| AppError::OAuth(format!(\"Failed to create OAuthClient: {}\", e)))\n    \u001b[1m\u001b[94m|\u001b[0m     \u001b[1m\u001b[91m^^^^^^^^^^^\u001b[0m \u001b[1m\u001b[91munsatisfied trait bound\u001b[0m\n    \u001b[1m\u001b[94m|\u001b[0m\n    \u001b[1m\u001b[94m= \u001b[0m\u001b[1mhelp\u001b[0m: the trait `Store<atrium_api::types::string::Did, atrium_oauth::store::session::Session>` \u001b[1m\u001b[35mis not\u001b[0m implemented for `RedisSessionStore`\n            but trait `Store<\u001b[1m\u001b[35matrium_api::types::string::Did\u001b[0m, atrium_oauth::store::session::Session>` \u001b[1m\u001b[35mis\u001b[0m implemented for it\n    \u001b[1m\u001b[94m= \u001b[0m\u001b[1mhelp\u001b[0m: for that trait implementation, expected `\u001b[1m\u001b[35matrium_api::types::string::Did\u001b[0m`, found `\u001b[1m\u001b[35matrium_api::types::string::Did\u001b[0m`\n    \u001b[1m\u001b[94m= \u001b[0m\u001b[1mnote\u001b[0m: the full name for the type has been written to '/Users/joshlacalamito/Developer/Catbird+Petrel/nest/catbird/target/debug/deps/catbird-61ad54cb3e9cb245.long-type-15512028975410710745.txt'\n    \u001b[1m\u001b[94m= \u001b[0m\u001b[1mnote\u001b[0m: consider using `--verbose` to print the full type name to the console\n\n"}
{"$message_type":"diagnostic","message":"the trait bound `RedisSessionStore: Store<Did, Session>` is not satisfied","code":{"code":"E0277","explanation":"You tried to use a type which doesn't implement some trait in a place which\nexpected that trait.\n\nErroneous code example:\n\n```compile_fail,E0277\n// here we declare the Foo trait with a bar method\ntrait Foo {\n    fn bar(&self);\n}\n\n// we now declare a function which takes an object implementing the Foo trait\nfn some_func<T: Foo>(foo: T) {\n    foo.bar();\n}\n\nfn main() {\n    // we now call the method with the i32 type, which doesn't implement\n    // the Foo trait\n    some_func(5i32); // error: the trait bound `i32 : Foo` is not satisfied\n}\n```\n\nIn order to fix this error, verify that the type you're using does implement\nthe trait. Example:\n\n```\ntrait Foo {\n    fn bar(&self);\n}\n\n// we implement the trait on the i32 type\nimpl Foo for i32 {\n    fn bar(&self) {}\n}\n\nfn some_func<T: Foo>(foo: T) {\n    foo.bar(); // we can now use this method since i32 implements the\n               // Foo trait\n}\n\nfn main() {\n    some_func(5i32); // ok!\n}\n```\n\nOr in a generic context, an erroneous code example would look like:\n\n```compile_fail,E0277\nfn some_func<T>(foo: T) {\n    println!(\"{:?}\", foo); // error: the trait `core::fmt::Debug` is not\n                           //        implemented for the type `T`\n}\n\nfn main() {\n    // We now call the method with the i32 type,\n    // which *does* implement the Debug trait.\n    some_func(5i32);\n}\n```\n\nNote that the error here is in the definition of the generic function. Although\nwe only call it with a parameter that does implement `Debug`, the compiler\nstill rejects the function. It must work with all possible input types. In\norder to make this example compile, we need to restrict the generic type we're\naccepting:\n\n```\nuse std::fmt;\n\n// Restrict the input type to types that implement Debug.\nfn some_func<T: fmt::Debug>(foo: T) {\n    println!(\"{:?}\", foo);\n}\n\nfn main() {\n    // Calling the method is still fine, as i32 implements Debug.\n    some_func(5i32);\n\n    // This would fail to compile now:\n    // struct WithoutDebug;\n    // some_func(WithoutDebug);\n}\n```\n\nRust only looks at the signature of the called function, as such it must\nalready specify all requirements that will be used for every type parameter.\n"},"level":"error","spans":[{"file_name":"src/services/oauth.rs","byte_start":6359,"byte_end":6383,"line_start":189,"line_end":189,"column_start":5,"column_end":29,"is_primary":true,"text":[{"text":"    OAuthClient::new(config).map_err(|e| AppError::OAuth(format!(\"Failed to create OAuthClient: {}\", e)))","highlight_start":5,"highlight_end":29}],"label":"unsatisfied trait bound","suggested_replacement":null,"suggestion_applicability":null,"expansion":null}],"children":[{"message":"the trait `Store<atrium_api::types::string::Did, atrium_oauth::store::session::Session>` is not implemented for `RedisSessionStore`\nbut trait `Store<atrium_api::types::string::Did, atrium_oauth::store::session::Session>` is implemented for it","code":null,"level":"help","spans":[],"children":[],"rendered":null},{"message":"for that trait implementation, expected `atrium_api::types::string::Did`, found `atrium_api::types::string::Did`","code":null,"level":"help","spans":[],"children":[],"rendered":null},{"message":"the full name for the type has been written to '/Users/joshlacalamito/Developer/Catbird+Petrel/nest/catbird/target/debug/deps/catbird-61ad54cb3e9cb245.long-type-15512028975410710745.txt'","code":null,"level":"note","spans":[],"children":[],"rendered":null},{"message":"consider using `--verbose` to print the full type name to the console","code":null,"level":"note","spans":[],"children":[],"rendered":null}],"rendered":"\u001b[1m\u001b[91merror[E0277]\u001b[0m\u001b[1m: the trait bound `RedisSessionStore: Store<Did, Session>` is not satisfied\u001b[0m\n   \u001b[1m\u001b[94m--> \u001b[0msrc/services/oauth.rs:189:5\n    \u001b[1m\u001b[94m|\u001b[0m\n\u001b[1m\u001b[94m189\u001b[0m \u001b[1m\u001b[94m|\u001b[0m     OAuthClient::new(config).map_err(|e| AppError::OAuth(format!(\"Failed to create OAuthClient: {}\", e)))\n    \u001b[1m\u001b[94m|\u001b[0m     \u001b[1m\u001b[91m^^^^^^^^^^^^^^^^^^^^^^^^\u001b[0m \u001b[1m\u001b[91munsatisfied trait bound\u001b[0m\n    \u001b[1m\u001b[94m|\u001b[0m\n    \u001b[1m\u001b[94m= \u001b[0m\u001b[1mhelp\u001b[0m: the trait `Store<atrium_api::types::string::Did, atrium_oauth::store::session::Session>` \u001b[1m\u001b[35mis not\u001b[0m implemented for `RedisSessionStore`\n            but trait `Store<\u001b[1m\u001b[35matrium_api::types::string::Did\u001b[0m, atrium_oauth::store::session::Session>` \u001b[1m\u001b[35mis\u001b[0m implemented for it\n    \u001b[1m\u001b[94m= \u001b[0m\u001b[1mhelp\u001b[0m: for that trait implementation, expected `\u001b[1m\u001b[35matrium_api::types::string::Did\u001b[0m`, found `\u001b[1m\u001b[35matrium_api::types::string::Did\u001b[0m`\n    \u001b[1m\u001b[94m= \u001b[0m\u001b[1mnote\u001b[0m: the full name for the type has been written to '/Users/joshlacalamito/Developer/Catbird+Petrel/nest/catbird/target/debug/deps/catbird-61ad54cb3e9cb245.long-type-15512028975410710745.txt'\n    \u001b[1m\u001b[94m= \u001b[0m\u001b[1mnote\u001b[0m: consider using `--verbose` to print the full type name to the console\n\n"}
{"$message_type":"diagnostic","message":"the trait bound `RedisSessionStore: Store<Did, Session>` is not satisfied","code":{"code":"E0277","explanation":"You tried to use a type which doesn't implement some trait in a place which\nexpected that trait.\n\nErroneous code example:\n\n```compile_fail,E0277\n// here we declare the Foo trait with a bar method\ntrait Foo {\n    fn bar(&self);\n}\n\n// we now declare a function which takes an object implementing the Foo trait\nfn some_func<T: Foo>(foo: T) {\n    foo.bar();\n}\n\nfn main() {\n    // we now call the method with the i32 type, which doesn't implement\n    // the Foo trait\n    some_func(5i32); // error: the trait bound `i32 : Foo` is not satisfied\n}\n```\n\nIn order to fix this error, verify that the type you're using does implement\nthe trait. Example:\n\n```\ntrait Foo {\n    fn bar(&self);\n}\n\n// we implement the trait on the i32 type\nimpl Foo for i32 {\n    fn bar(&self) {}\n}\n\nfn some_func<T: Foo>(foo: T) {\n    foo.bar(); // we can now use this method since i32 implements the\n               // Foo trait\n}\n\nfn main() {\n    some_func(5i32); // ok!\n}\n```\n\nOr in a generic context, an erroneous code example would look like:\n\n```compile_fail,E0277\nfn some_func<T>(foo: T) {\n    println!(\"{:?}\", foo); // error: the trait `core::fmt::Debug` is not\n                           //        implemented for the type `T`\n}\n\nfn main() {\n    // We now call the method with the i32 type,\n    // which *does* implement the Debug trait.\n    some_func(5i32);\n}\n```\n\nNote that the error here is in the definition of the generic function. Although\nwe only call it with a parameter that does implement `Debug`, the compiler\nstill rejects the function. It must work with all possible input types. In\norder to make this example compile, we need to restrict the generic type we're\naccepting:\n\n```\nuse std::fmt;\n\n// Restrict the input type to types that implement Debug.\nfn some_func<T: fmt::Debug>(foo: T) {\n    println!(\"{:?}\", foo);\n}\n\nfn main() {\n    // Calling the method is still fine, as i32 implements Debug.\n    some_func(5i32);\n\n    // This would fail to compile now:\n    // struct WithoutDebug;\n    // some_func(WithoutDebug);\n}\n```\n\nRust only looks at the signature of the called function, as such it must\nalready specify all requirements that will be used for every type parameter.\n"},"level":"error","spans":[{"file_name":"src/services/oauth.rs","byte_start":6359,"byte_end":6460,"line_start":189,"line_end":189,"column_start":5,"column_end":106,"is_primary":true,"text":[{"text":"    OAuthClient::new(config).map_err(|e| AppError::OAuth(format!(\"Failed to create OAuthClient: {}\", e)))","highlight_start":5,"highlight_end":106}],"label":"unsatisfied trait bound","suggested_replacement":null,"suggestion_applicability":null,"expansion":null}],"children":[{"message":"the trait `Store<atrium_api::types::string::Did, atrium_oauth::store::session::Session>` is not implemented for `RedisSessionStore`\nbut trait `Store<atrium_api::types::string::Did, atrium_oauth::store::session::Session>` is implemented for it","code":null,"level":"help","spans":[],"children":[],"rendered":null},{"message":"for that trait implementation, expected `atrium_api::types::string::Did`, found `atrium_api::types::string::Did`","code":null,"level":"help","spans":[],"children":[],"rendered":null},{"message":"the full name for the type has been written to '/Users/joshlacalamito/Developer/Catbird+Petrel/nest/catbird/target/debug/deps/catbird-61ad54cb3e9cb245.long-type-15512028975410710745.txt'","code":null,"level":"note","spans":[],"children":[],"rendered":null},{"message":"consider using `--verbose` to print the full type name to the console","code":null,"level":"note","spans":[],"children":[],"rendered":null}],"rendered":"\u001b[1m\u001b[91merror[E0277]\u001b[0m\u001b[1m: the trait bound `RedisSessionStore: Store<Did, Session>` is not satisfied\u001b[0m\n   \u001b[1m\u001b[94m--> \u001b[0msrc/services/oauth.rs:189:5\n    \u001b[1m\u001b[94m|\u001b[0m\n\u001b[1m\u001b[94m189\u001b[0m \u001b[1m\u001b[94m|\u001b[0m     OAuthClient::new(config).map_err(|e| AppError::OAuth(format!(\"Failed to create OAuthClient: {}\", e)))\n    \u001b[1m\u001b[94m|\u001b[0m     \u001b[1m\u001b[91m^^^^^^^^^^^^^^^^^^^^^^^^^^^^^^^^^^^^^^^^^^^^^^^^^^^^^^^^^^^^^^^^^^^^^^^^^^^^^^^^^^^^^^^^^^^^^^^^^^^^^\u001b[0m \u001b[1m\u001b[91munsatisfied trait bound\u001b[0m\n    \u001b[1m\u001b[94m|\u001b[0m\n    \u001b[1m\u001b[94m= \u001b[0m\u001b[1mhelp\u001b[0m: the trait `Store<atrium_api::types::string::Did, atrium_oauth::store::session::Session>` \u001b[1m\u001b[35mis not\u001b[0m implemented for `RedisSessionStore`\n            but trait `Store<\u001b[1m\u001b[35matrium_api::types::string::Did\u001b[0m, atrium_oauth::store::session::Session>` \u001b[1m\u001b[35mis\u001b[0m implemented for it\n    \u001b[1m\u001b[94m= \u001b[0m\u001b[1mhelp\u001b[0m: for that trait implementation, expected `\u001b[1m\u001b[35matrium_api::types::string::Did\u001b[0m`, found `\u001b[1m\u001b[35matrium_api::types::string::Did\u001b[0m`\n    \u001b[1m\u001b[94m= \u001b[0m\u001b[1mnote\u001b[0m: the full name for the type has been written to '/Users/joshlacalamito/Developer/Catbird+Petrel/nest/catbird/target/debug/deps/catbird-61ad54cb3e9cb245.long-type-15512028975410710745.txt'\n    \u001b[1m\u001b[94m= \u001b[0m\u001b[1mnote\u001b[0m: consider using `--verbose` to print the full type name to the console\n\n"}
{"$message_type":"diagnostic","message":"aborting due to 24 previous errors; 4 warnings emitted","code":null,"level":"error","spans":[],"children":[],"rendered":"\u001b[1m\u001b[91merror\u001b[0m\u001b[1m: aborting due to 24 previous errors; 4 warnings emitted\u001b[0m\n\n"}
{"$message_type":"diagnostic","message":"Some errors have detailed explanations: E0107, E0277, E0282, E0308, E0412, E0433, E0560, E0599.","code":null,"level":"failure-note","spans":[],"children":[],"rendered":"\u001b[1mSome errors have detailed explanations: E0107, E0277, E0282, E0308, E0412, E0433, E0560, E0599.\u001b[0m\n"}
{"$message_type":"diagnostic","message":"For more information about an error, try `rustc --explain E0107`.","code":null,"level":"failure-note","spans":[],"children":[],"rendered":"\u001b[1mFor more information about an error, try `rustc --explain E0107`.\u001b[0m\n"}
